2024-10-09 10:53:48,466 [INFO] Activator:176 - 


2024-10-09 10:53:48,469 [INFO] Activator:177 - !SESSION log4j initialized
2024-10-09 10:53:50,579 [ERROR] LogOutputStream:75 - [STDERR_REDIRECT] 
2024-10-09 10:53:54,375 [INFO] LogOutputStream:77 - [STDOUT_REDIRECT] 
2024-10-09 10:53:56,283 [ERROR] LogOutputStream:75 - [STDERR_REDIRECT] java.net.URISyntaxException: Illegal character in path at index 39: file:/Users/alexbendezu/Documents/Smart Watch/STM32/.metadata/.log4j2.xml
2024-10-09 10:53:56,290 [ERROR] LogOutputStream:75 - [STDERR_REDIRECT] 	at java.base/java.net.URI$Parser.fail(URI.java:2976)
2024-10-09 10:53:56,293 [ERROR] LogOutputStream:75 - [STDERR_REDIRECT] 	at java.base/java.net.URI$Parser.checkChars(URI.java:3147)
2024-10-09 10:53:56,294 [ERROR] LogOutputStream:75 - [STDERR_REDIRECT] 	at java.base/java.net.URI$Parser.parseHierarchical(URI.java:3229)
2024-10-09 10:53:56,309 [ERROR] LogOutputStream:75 - [STDERR_REDIRECT] 	at java.base/java.net.URI$Parser.parse(URI.java:3177)
2024-10-09 10:53:56,310 [ERROR] LogOutputStream:75 - [STDERR_REDIRECT] 	at java.base/java.net.URI.<init>(URI.java:623)
2024-10-09 10:53:56,310 [ERROR] LogOutputStream:75 - [STDERR_REDIRECT] 	at java.base/java.net.URL.toURI(URL.java:1056)
2024-10-09 10:53:56,311 [ERROR] LogOutputStream:75 - [STDERR_REDIRECT] 	at com.st.stm32cube.common.mx.core.CubeMxInstance.getInstance(CubeMxInstance.java:81)
2024-10-09 10:53:56,312 [ERROR] LogOutputStream:75 - [STDERR_REDIRECT] 	at com.st.stm32cube.common.mx.userauth.UserAuthAdapter.<init>(UserAuthAdapter.java:25)
2024-10-09 10:53:56,312 [ERROR] LogOutputStream:75 - [STDERR_REDIRECT] 	at com.st.stm32cube.common.mx.userauth.UserAuthProvider.getUserAuthAdapter(UserAuthProvider.java:16)
2024-10-09 10:53:56,313 [ERROR] LogOutputStream:75 - [STDERR_REDIRECT] 	at com.st.stm32cube.common.ecosystemintegration.ui.core.MCUEcoSystemIntegrationUiHelper.getUserAuth(MCUEcoSystemIntegrationUiHelper.java:100)
2024-10-09 10:53:56,313 [ERROR] LogOutputStream:75 - [STDERR_REDIRECT] 	at com.st.stm32cube.ide.mcu.userauth.UserAuthStartup.earlyStartup(UserAuthStartup.java:41)
2024-10-09 10:53:56,317 [ERROR] LogOutputStream:75 - [STDERR_REDIRECT] 	at org.eclipse.ui.internal.EarlyStartupRunnable.runEarlyStartup(EarlyStartupRunnable.java:79)
2024-10-09 10:53:56,318 [ERROR] LogOutputStream:75 - [STDERR_REDIRECT] 	at org.eclipse.ui.internal.EarlyStartupRunnable.run(EarlyStartupRunnable.java:55)
2024-10-09 10:53:56,325 [ERROR] LogOutputStream:75 - [STDERR_REDIRECT] 	at org.eclipse.core.runtime.SafeRunner.run(SafeRunner.java:47)
2024-10-09 10:53:56,332 [ERROR] LogOutputStream:75 - [STDERR_REDIRECT] 	at org.eclipse.ui.internal.Workbench$39.run(Workbench.java:2762)
2024-10-09 10:53:56,332 [ERROR] LogOutputStream:75 - [STDERR_REDIRECT] 	at org.eclipse.core.internal.jobs.Worker.run(Worker.java:63)
2024-10-09 10:54:11,448 [INFO] LogOutputStream:77 - [STDOUT_REDIRECT] 1 : Invalid condition id : UX_CORESTACK_Condition cause : null
2024-10-09 10:54:11,453 [INFO] LogOutputStream:77 - [STDOUT_REDIRECT] 1 : Invalid condition id : UX_CORESTACK_Condition cause : null
2024-10-09 10:54:11,454 [INFO] LogOutputStream:77 - [STDOUT_REDIRECT] 1 : Invalid condition id : UX_CORESTACK_Condition cause : null
2024-10-09 10:54:11,454 [INFO] LogOutputStream:77 - [STDOUT_REDIRECT] 1 : Invalid condition id : UX_CORESTACK_Condition cause : null
2024-10-09 10:54:11,454 [INFO] LogOutputStream:77 - [STDOUT_REDIRECT] 1 : Invalid condition id : UX_CORESTACK_Condition cause : null
2024-10-09 13:01:56,269 [ERROR] LogOutputStream:75 - [STDERR_REDIRECT] 
2024-10-09 13:40:52,083 [INFO] Activator:176 - 


2024-10-09 13:40:52,086 [INFO] Activator:177 - !SESSION log4j initialized
2024-10-09 13:40:54,042 [INFO] LogOutputStream:77 - [STDOUT_REDIRECT] 
2024-10-09 13:40:55,896 [ERROR] LogOutputStream:75 - [STDERR_REDIRECT] 
2024-10-09 13:40:58,435 [INFO] LogOutputStream:77 - [STDOUT_REDIRECT] 
2024-10-09 13:40:59,673 [ERROR] LogOutputStream:75 - [STDERR_REDIRECT] java.net.URISyntaxException: Illegal character in path at index 39: file:/Users/alexbendezu/Documents/Smart Watch/STM32/.metadata/.log4j2.xml
2024-10-09 13:40:59,679 [ERROR] LogOutputStream:75 - [STDERR_REDIRECT] 	at java.base/java.net.URI$Parser.fail(URI.java:2976)
2024-10-09 13:40:59,682 [ERROR] LogOutputStream:75 - [STDERR_REDIRECT] 	at java.base/java.net.URI$Parser.checkChars(URI.java:3147)
2024-10-09 13:40:59,693 [ERROR] LogOutputStream:75 - [STDERR_REDIRECT] 	at java.base/java.net.URI$Parser.parseHierarchical(URI.java:3229)
2024-10-09 13:40:59,694 [ERROR] LogOutputStream:75 - [STDERR_REDIRECT] 	at java.base/java.net.URI$Parser.parse(URI.java:3177)
2024-10-09 13:40:59,694 [ERROR] LogOutputStream:75 - [STDERR_REDIRECT] 	at java.base/java.net.URI.<init>(URI.java:623)
2024-10-09 13:40:59,704 [ERROR] LogOutputStream:75 - [STDERR_REDIRECT] 	at java.base/java.net.URL.toURI(URL.java:1056)
2024-10-09 13:40:59,706 [ERROR] LogOutputStream:75 - [STDERR_REDIRECT] 	at com.st.stm32cube.common.mx.core.CubeMxInstance.getInstance(CubeMxInstance.java:81)
2024-10-09 13:40:59,707 [ERROR] LogOutputStream:75 - [STDERR_REDIRECT] 	at com.st.stm32cube.common.mx.userauth.UserAuthAdapter.<init>(UserAuthAdapter.java:25)
2024-10-09 13:40:59,707 [ERROR] LogOutputStream:75 - [STDERR_REDIRECT] 	at com.st.stm32cube.common.mx.userauth.UserAuthProvider.getUserAuthAdapter(UserAuthProvider.java:16)
2024-10-09 13:40:59,710 [ERROR] LogOutputStream:75 - [STDERR_REDIRECT] 	at com.st.stm32cube.common.ecosystemintegration.ui.core.MCUEcoSystemIntegrationUiHelper.getUserAuth(MCUEcoSystemIntegrationUiHelper.java:100)
2024-10-09 13:40:59,710 [ERROR] LogOutputStream:75 - [STDERR_REDIRECT] 	at com.st.stm32cube.ide.mcu.userauth.UserAuthStartup.earlyStartup(UserAuthStartup.java:41)
2024-10-09 13:40:59,710 [ERROR] LogOutputStream:75 - [STDERR_REDIRECT] 	at org.eclipse.ui.internal.EarlyStartupRunnable.runEarlyStartup(EarlyStartupRunnable.java:79)
2024-10-09 13:40:59,711 [ERROR] LogOutputStream:75 - [STDERR_REDIRECT] 	at org.eclipse.ui.internal.EarlyStartupRunnable.run(EarlyStartupRunnable.java:55)
2024-10-09 13:40:59,711 [ERROR] LogOutputStream:75 - [STDERR_REDIRECT] 	at org.eclipse.core.runtime.SafeRunner.run(SafeRunner.java:47)
2024-10-09 13:40:59,711 [ERROR] LogOutputStream:75 - [STDERR_REDIRECT] 	at org.eclipse.ui.internal.Workbench$39.run(Workbench.java:2762)
2024-10-09 13:40:59,712 [ERROR] LogOutputStream:75 - [STDERR_REDIRECT] 	at org.eclipse.core.internal.jobs.Worker.run(Worker.java:63)
2024-10-09 13:41:02,317 [INFO] ApplicationProperties:184 - Using Application install path: /Applications/STM32CubeIDE.app/Contents/Eclipse/plugins/com.st.stm32cube.common.mx_6.11.1.202404110753
2024-10-09 13:41:02,335 [INFO] DbMcusXml:78 - Set database path to: /Applications/STM32CubeIDE.app/Contents/Eclipse/plugins/com.st.stm32cube.common.mx_6.11.1.202404110753//db//mcu/
2024-10-09 13:41:02,335 [INFO] ApiDb:274 - Set plugin database path to: /Applications/STM32CubeIDE.app/Contents/Eclipse/plugins/com.st.stm32cube.common.mx_6.11.1.202404110753//db//plugins/boardmanager/
2024-10-09 13:41:02,336 [WARN] ApiDb:259 - Overriding images path with different value:  => /Applications/STM32CubeIDE.app/Contents/Eclipse/plugins/com.st.stm32cube.common.mx_6.11.1.202404110753//db//plugins/mcufinder/images/
2024-10-09 13:41:02,346 [INFO] ApiDb:250 - Set database path to: /Users/alexbendezu/.stmcufinder/plugins/mcufinder//mcu/
2024-10-09 13:41:02,346 [INFO] DbMcusAds:125 - Set database path to: /Users/alexbendezu/.stmcufinder/plugins/mcufinder//mcu/
2024-10-09 13:41:02,349 [INFO] CrossReferenceDbSqlite:203 - Set database path to: /Users/alexbendezu/.stmcufinder/plugins/mcufinder//mcu/cs/
2024-10-09 13:41:02,555 [INFO] RulesReader:64 - Compatibility file has been processed (297 Rules)
2024-10-09 13:41:02,656 [INFO] DbMcusXml:78 - Set database path to: /Applications/STM32CubeIDE.app/Contents/Eclipse/plugins/com.st.stm32cube.common.mx_6.11.1.202404110753//db//mcu/
2024-10-09 13:41:02,657 [INFO] ApiDb:274 - Set plugin database path to: /Applications/STM32CubeIDE.app/Contents/Eclipse/plugins/com.st.stm32cube.common.mx_6.11.1.202404110753//db//plugins/boardmanager/
2024-10-09 13:41:02,657 [INFO] ApiDb:261 - Set plugin images path to: /Applications/STM32CubeIDE.app/Contents/Eclipse/plugins/com.st.stm32cube.common.mx_6.11.1.202404110753//db//plugins/mcufinder/images/
2024-10-09 13:41:02,658 [WARN] DbFile:41 - Overriding database path with different value: /Users/alexbendezu/.stmcufinder/plugins/mcufinder/ => /Users/alexbendezu/.stmcufinder/plugins/mcufinder
2024-10-09 13:41:02,659 [INFO] ApiDb:250 - Set database path to: /Users/alexbendezu/.stmcufinder/plugins/mcufinder//mcu/
2024-10-09 13:41:02,659 [WARN] DbFile:41 - Overriding database path with different value: /Users/alexbendezu/.stmcufinder/plugins/mcufinder/ => /Users/alexbendezu/.stmcufinder/plugins/mcufinder
2024-10-09 13:41:02,659 [INFO] DbMcusAds:125 - Set database path to: /Users/alexbendezu/.stmcufinder/plugins/mcufinder//mcu/
2024-10-09 13:41:02,659 [WARN] DbFile:41 - Overriding database path with different value: /Users/alexbendezu/.stmcufinder/plugins/mcufinder/ => /Users/alexbendezu/.stmcufinder/plugins/mcufinder
2024-10-09 13:41:02,659 [WARN] DbFile:41 - Overriding database path with different value: /Users/alexbendezu/.stmcufinder/plugins/mcufinder/ => /Users/alexbendezu/.stmcufinder/plugins/mcufinder
2024-10-09 13:41:02,659 [INFO] CrossReferenceDbSqlite:203 - Set database path to: /Users/alexbendezu/.stmcufinder/plugins/mcufinder//mcu/cs/
2024-10-09 13:41:02,759 [INFO] MainPanel:264 - HeapMemory: 276824064
2024-10-09 13:41:03,039 [INFO] DbMcusXml:78 - Set database path to: /Applications/STM32CubeIDE.app/Contents/Eclipse/plugins/com.st.stm32cube.common.mx_6.11.1.202404110753//db//mcu/
2024-10-09 13:41:03,042 [INFO] ApiDb:274 - Set plugin database path to: /Applications/STM32CubeIDE.app/Contents/Eclipse/plugins/com.st.stm32cube.common.mx_6.11.1.202404110753//db//plugins/boardmanager/
2024-10-09 13:41:03,045 [INFO] ApiDb:261 - Set plugin images path to: /Applications/STM32CubeIDE.app/Contents/Eclipse/plugins/com.st.stm32cube.common.mx_6.11.1.202404110753//db//plugins/mcufinder/images/
2024-10-09 13:41:03,056 [WARN] DbFile:41 - Overriding database path with different value: /Users/alexbendezu/.stmcufinder/plugins/mcufinder/ => /Users/alexbendezu/.stmcufinder/plugins/mcufinder
2024-10-09 13:41:03,056 [INFO] ApiDb:250 - Set database path to: /Users/alexbendezu/.stmcufinder/plugins/mcufinder//mcu/
2024-10-09 13:41:03,056 [WARN] DbFile:41 - Overriding database path with different value: /Users/alexbendezu/.stmcufinder/plugins/mcufinder/ => /Users/alexbendezu/.stmcufinder/plugins/mcufinder
2024-10-09 13:41:03,056 [INFO] DbMcusAds:125 - Set database path to: /Users/alexbendezu/.stmcufinder/plugins/mcufinder//mcu/
2024-10-09 13:41:03,056 [WARN] DbFile:41 - Overriding database path with different value: /Users/alexbendezu/.stmcufinder/plugins/mcufinder/ => /Users/alexbendezu/.stmcufinder/plugins/mcufinder
2024-10-09 13:41:03,057 [WARN] DbFile:41 - Overriding database path with different value: /Users/alexbendezu/.stmcufinder/plugins/mcufinder/ => /Users/alexbendezu/.stmcufinder/plugins/mcufinder
2024-10-09 13:41:03,058 [INFO] CrossReferenceDbSqlite:203 - Set database path to: /Users/alexbendezu/.stmcufinder/plugins/mcufinder//mcu/cs/
2024-10-09 13:41:03,138 [INFO] ApplicationProperties:184 - Using Application install path: /Applications/STM32CubeIDE.app/Contents/Eclipse/plugins/com.st.stm32cube.common.mx_6.11.1.202404110753
2024-10-09 13:41:03,140 [INFO] PluginManage:196 - Search for loadable plugins [exclusion list=, ]
2024-10-09 13:41:03,144 [INFO] PluginManage:310 - Check plugin analytics
2024-10-09 13:41:03,566 [INFO] AnalyticsPlugin:253 - Accepted Software Licenses: 
2024-10-09 13:41:03,568 [INFO] AnalyticsPlugin:255 - Accepted CMSIS Pack Licenses: 
2024-10-09 13:41:03,568 [INFO] AnalyticsPlugin:257 - Accepted Firmware Licenses: FW.F4.1.28.0
2024-10-09 13:41:03,594 [INFO] PluginManage:359 - Loaded plugin analytics (category:tool,tabindex:-1)
2024-10-09 13:41:03,596 [INFO] PluginManage:310 - Check plugin cadmodel
2024-10-09 13:41:04,171 [INFO] CADModel:105 - Init CAD model plugin
2024-10-09 13:41:04,171 [INFO] PluginManage:359 - Loaded plugin cadmodel (category:power,tabindex:5)
2024-10-09 13:41:04,173 [INFO] PluginManage:310 - Check plugin clock
2024-10-09 13:41:04,189 [INFO] PluginManage:359 - Loaded plugin clock (category:base,tabindex:2)
2024-10-09 13:41:04,190 [INFO] PluginManage:310 - Check plugin ddr
2024-10-09 13:41:04,192 [INFO] PluginManage:359 - Loaded plugin ddr (category:tool,tabindex:6)
2024-10-09 13:41:04,193 [INFO] PluginManage:310 - Check plugin filemanager
2024-10-09 13:41:04,469 [INFO] PluginManage:359 - Loaded plugin filemanager (category:base,tabindex:10)
2024-10-09 13:41:04,469 [INFO] PluginManage:310 - Check plugin ipmanager
2024-10-09 13:41:04,482 [INFO] PluginManage:359 - Loaded plugin ipmanager (category:base,tabindex:5)
2024-10-09 13:41:04,482 [INFO] PluginManage:310 - Check plugin lpbam
2024-10-09 13:41:04,493 [INFO] PluginManage:359 - Loaded plugin lpbam (category:base,tabindex:0)
2024-10-09 13:41:04,493 [INFO] PluginManage:310 - Check plugin memorymap
2024-10-09 13:41:04,503 [INFO] PluginManage:359 - Loaded plugin memorymap (category:base,tabindex:4)
2024-10-09 13:41:04,503 [INFO] PluginManage:310 - Check plugin pinoutandconfiguration
2024-10-09 13:41:04,509 [INFO] PluginManage:359 - Loaded plugin pinoutandconfiguration (category:base,tabindex:1)
2024-10-09 13:41:04,509 [INFO] PluginManage:310 - Check plugin pinoutconfig
2024-10-09 13:41:04,615 [WARN] SupportedApi:132 - Cannot load RTOS API schema: s4s-elt-must-match.1: The content of 'definitions' must match (annotation?, (simpleType | complexType)?, (unique | key | keyref)*)). A problem was found starting at: attribute.
2024-10-09 13:41:04,799 [INFO] PluginManage:359 - Loaded plugin pinoutconfig (category:base,tabindex:0)
2024-10-09 13:41:04,799 [INFO] PluginManage:310 - Check plugin power
2024-10-09 13:41:04,813 [INFO] PluginManage:359 - Loaded plugin power (category:power,tabindex:4)
2024-10-09 13:41:04,813 [INFO] PluginManage:310 - Check plugin projectmanager
2024-10-09 13:41:04,849 [INFO] PluginManage:359 - Loaded plugin projectmanager (category:projectmanager,tabindex:3)
2024-10-09 13:41:04,849 [INFO] PluginManage:310 - Check plugin thirdparty
2024-10-09 13:41:05,260 [INFO] PluginManage:359 - Loaded plugin thirdparty (category:base,tabindex:-1)
2024-10-09 13:41:05,260 [WARN] IntegrityCheckThread:84 - waiting for thirdparty lock release [integrity check]
2024-10-09 13:41:05,264 [INFO] IntegrityCheckThread:86 - entering critical section [integrity check]
2024-10-09 13:41:05,265 [INFO] PluginManage:310 - Check plugin tools
2024-10-09 13:41:05,272 [INFO] ThirdPartyUpdaterWithRetryManager:70 - Updater plugin not ready yet. [1/15]
2024-10-09 13:41:05,282 [INFO] PluginManage:359 - Loaded plugin tools (category:base,tabindex:7)
2024-10-09 13:41:05,282 [INFO] PluginManage:310 - Check plugin tutovideos
2024-10-09 13:41:05,583 [INFO] PluginManage:359 - Loaded plugin tutovideos (category:base,tabindex:-1)
2024-10-09 13:41:05,587 [INFO] PluginManage:310 - Check plugin updater
2024-10-09 13:41:05,645 [INFO] PluginManage:359 - Loaded plugin updater (category:base,tabindex:12)
2024-10-09 13:41:05,647 [INFO] PluginManage:310 - Check plugin userauth
2024-10-09 13:41:05,664 [INFO] UserAuth:114 - Init User Auth plugin
2024-10-09 13:41:05,664 [INFO] PluginManage:359 - Loaded plugin userauth (category:base,tabindex:14)
2024-10-09 13:41:05,665 [INFO] PluginManage:283 - PluginManage : Loaded plugins [17]
2024-10-09 13:41:06,044 [INFO] PinOutPanel:1561 - setPackage(No Configuration,No Configuration)
2024-10-09 13:41:06,123 [INFO] CADModel:165 - CPN selected for project level
2024-10-09 13:41:06,124 [INFO] CADModel:114 - Register for checkConnection events
2024-10-09 13:41:06,137 [INFO] IPUIPlugin:80 - create IPUIPlugin
2024-10-09 13:41:06,138 [INFO] PluginManager:220 - loadIPPluginJar : add mdma
2024-10-09 13:41:06,143 [INFO] IPUIPlugin:80 - create IPUIPlugin
2024-10-09 13:41:06,143 [INFO] PluginManager:220 - loadIPPluginJar : add freertos
2024-10-09 13:41:06,147 [INFO] IPUIPlugin:80 - create IPUIPlugin
2024-10-09 13:41:06,147 [INFO] PluginManager:220 - loadIPPluginJar : add gic
2024-10-09 13:41:06,153 [INFO] IPUIPlugin:80 - create IPUIPlugin
2024-10-09 13:41:06,153 [INFO] PluginManager:220 - loadIPPluginJar : add adc
2024-10-09 13:41:06,155 [INFO] IPUIPlugin:80 - create IPUIPlugin
2024-10-09 13:41:06,156 [INFO] PluginManager:220 - loadIPPluginJar : add gtzc
2024-10-09 13:41:06,157 [INFO] IPUIPlugin:80 - create IPUIPlugin
2024-10-09 13:41:06,157 [INFO] PluginManager:220 - loadIPPluginJar : add quadspi
2024-10-09 13:41:06,159 [INFO] IPUIPlugin:80 - create IPUIPlugin
2024-10-09 13:41:06,160 [INFO] PluginManager:220 - loadIPPluginJar : add aes
2024-10-09 13:41:06,162 [INFO] IPUIPlugin:80 - create IPUIPlugin
2024-10-09 13:41:06,162 [INFO] PluginManager:220 - loadIPPluginJar : add pdm2pcm
2024-10-09 13:41:06,163 [INFO] IPUIPlugin:80 - create IPUIPlugin
2024-10-09 13:41:06,164 [INFO] PluginManager:220 - loadIPPluginJar : add hash
2024-10-09 13:41:06,165 [INFO] IPUIPlugin:80 - create IPUIPlugin
2024-10-09 13:41:06,166 [INFO] PluginManager:220 - loadIPPluginJar : add tim
2024-10-09 13:41:06,167 [INFO] IPUIPlugin:80 - create IPUIPlugin
2024-10-09 13:41:06,168 [INFO] PluginManager:220 - loadIPPluginJar : add tsc
2024-10-09 13:41:06,170 [INFO] IPUIPlugin:80 - create IPUIPlugin
2024-10-09 13:41:06,170 [INFO] PluginManager:220 - loadIPPluginJar : add extmemmanager
2024-10-09 13:41:06,172 [INFO] IPUIPlugin:80 - create IPUIPlugin
2024-10-09 13:41:06,172 [INFO] PluginManager:220 - loadIPPluginJar : add ts
2024-10-09 13:41:06,174 [INFO] IPUIPlugin:80 - create IPUIPlugin
2024-10-09 13:41:06,174 [INFO] PluginManager:220 - loadIPPluginJar : add can
2024-10-09 13:41:06,176 [INFO] IPUIPlugin:80 - create IPUIPlugin
2024-10-09 13:41:06,177 [INFO] PluginManager:220 - loadIPPluginJar : add dma3
2024-10-09 13:41:06,178 [INFO] IPUIPlugin:80 - create IPUIPlugin
2024-10-09 13:41:06,178 [INFO] PluginManager:220 - loadIPPluginJar : add dfsdm
2024-10-09 13:41:06,180 [INFO] IPUIPlugin:80 - create IPUIPlugin
2024-10-09 13:41:06,180 [INFO] PluginManager:220 - loadIPPluginJar : add spi
2024-10-09 13:41:06,181 [INFO] IPUIPlugin:80 - create IPUIPlugin
2024-10-09 13:41:06,182 [INFO] PluginManager:220 - loadIPPluginJar : add gfxmmu
2024-10-09 13:41:06,182 [INFO] IPUIPlugin:80 - create IPUIPlugin
2024-10-09 13:41:06,183 [INFO] PluginManager:220 - loadIPPluginJar : add genericplugin
2024-10-09 13:41:06,184 [INFO] IPUIPlugin:80 - create IPUIPlugin
2024-10-09 13:41:06,185 [INFO] PluginManager:220 - loadIPPluginJar : add cryp
2024-10-09 13:41:06,188 [INFO] IPUIPlugin:80 - create IPUIPlugin
2024-10-09 13:41:06,188 [INFO] PluginManager:220 - loadIPPluginJar : add gpio
2024-10-09 13:41:06,189 [INFO] IPUIPlugin:80 - create IPUIPlugin
2024-10-09 13:41:06,189 [INFO] PluginManager:220 - loadIPPluginJar : add comp
2024-10-09 13:41:06,190 [INFO] IPUIPlugin:80 - create IPUIPlugin
2024-10-09 13:41:06,190 [INFO] PluginManager:220 - loadIPPluginJar : add tracer_emb
2024-10-09 13:41:06,192 [INFO] IPUIPlugin:80 - create IPUIPlugin
2024-10-09 13:41:06,192 [INFO] PluginManager:220 - loadIPPluginJar : add openamp
2024-10-09 13:41:06,195 [INFO] IPUIPlugin:80 - create IPUIPlugin
2024-10-09 13:41:06,196 [INFO] PluginManager:220 - loadIPPluginJar : add stm32_wpan
2024-10-09 13:41:06,201 [INFO] IPUIPlugin:80 - create IPUIPlugin
2024-10-09 13:41:06,206 [INFO] PluginManager:220 - loadIPPluginJar : add plateformsettings
2024-10-09 13:41:06,208 [INFO] IPUIPlugin:80 - create IPUIPlugin
2024-10-09 13:41:06,209 [INFO] PluginManager:220 - loadIPPluginJar : add ipddr
2024-10-09 13:41:06,210 [INFO] IPUIPlugin:80 - create IPUIPlugin
2024-10-09 13:41:06,210 [INFO] PluginManager:220 - loadIPPluginJar : add usart
2024-10-09 13:41:06,211 [INFO] IPUIPlugin:80 - create IPUIPlugin
2024-10-09 13:41:06,211 [INFO] PluginManager:220 - loadIPPluginJar : add ltdc
2024-10-09 13:41:06,213 [INFO] IPUIPlugin:80 - create IPUIPlugin
2024-10-09 13:41:06,213 [INFO] PluginManager:220 - loadIPPluginJar : add nvic
2024-10-09 13:41:06,214 [INFO] IPUIPlugin:80 - create IPUIPlugin
2024-10-09 13:41:06,214 [INFO] PluginManager:220 - loadIPPluginJar : add fatfs
2024-10-09 13:41:06,219 [INFO] IPUIPlugin:80 - create IPUIPlugin
2024-10-09 13:41:06,219 [INFO] PluginManager:220 - loadIPPluginJar : add linkedlist
2024-10-09 13:41:06,223 [INFO] IPUIPlugin:80 - create IPUIPlugin
2024-10-09 13:41:06,224 [INFO] PluginManager:220 - loadIPPluginJar : add dma
2024-10-09 13:41:06,227 [INFO] IPUIPlugin:80 - create IPUIPlugin
2024-10-09 13:41:06,227 [INFO] PluginManager:220 - loadIPPluginJar : add fmc
2024-10-09 13:41:06,228 [INFO] IPUIPlugin:80 - create IPUIPlugin
2024-10-09 13:41:06,229 [INFO] PluginManager:220 - loadIPPluginJar : add i2s
2024-10-09 13:41:06,241 [INFO] IPUIPlugin:80 - create IPUIPlugin
2024-10-09 13:41:06,241 [INFO] PluginManager:220 - loadIPPluginJar : add ucpd
2024-10-09 13:41:06,245 [INFO] IPUIPlugin:80 - create IPUIPlugin
2024-10-09 13:41:06,245 [INFO] PluginManager:220 - loadIPPluginJar : add lorawan
2024-10-09 13:41:06,247 [INFO] IPUIPlugin:80 - create IPUIPlugin
2024-10-09 13:41:06,247 [INFO] PluginManager:220 - loadIPPluginJar : add opamp
2024-10-09 13:41:06,250 [INFO] IPUIPlugin:80 - create IPUIPlugin
2024-10-09 13:41:06,250 [INFO] PluginManager:220 - loadIPPluginJar : add i3c
2024-10-09 13:41:06,252 [INFO] IPUIPlugin:80 - create IPUIPlugin
2024-10-09 13:41:06,252 [INFO] PluginManager:220 - loadIPPluginJar : add touchsensing
2024-10-09 13:41:06,254 [INFO] IPUIPlugin:80 - create IPUIPlugin
2024-10-09 13:41:06,254 [INFO] PluginManager:220 - loadIPPluginJar : add i2c
2024-10-09 13:41:06,256 [INFO] IPUIPlugin:80 - create IPUIPlugin
2024-10-09 13:41:06,257 [INFO] PluginManager:220 - loadIPPluginJar : add resmgrutility
2024-10-09 13:41:06,259 [INFO] IPUIPlugin:80 - create IPUIPlugin
2024-10-09 13:41:06,259 [INFO] PluginManager:220 - loadIPPluginJar : add sai
2024-10-09 13:41:06,260 [INFO] IPUIPlugin:80 - create IPUIPlugin
2024-10-09 13:41:06,261 [INFO] PluginManager:220 - loadIPPluginJar : add usbx
2024-10-09 13:41:06,384 [INFO] CADModel:165 - CPN selected for project level
2024-10-09 13:41:06,384 [INFO] CADModel:114 - Register for checkConnection events
2024-10-09 13:41:06,384 [FATAL] Updater:308 - Updater called before beeing initialized
2024-10-09 13:41:06,384 [ERROR] CADModel:125 - Updater not yet initialized, retry later 
2024-10-09 13:41:06,799 [INFO] CADModel:165 - CPN selected for project level
2024-10-09 13:41:06,799 [INFO] CADModel:114 - Register for checkConnection events
2024-10-09 13:41:06,800 [FATAL] Updater:308 - Updater called before beeing initialized
2024-10-09 13:41:06,800 [ERROR] CADModel:125 - Updater not yet initialized, retry later 
2024-10-09 13:41:06,803 [FATAL] Updater:308 - Updater called before beeing initialized
2024-10-09 13:41:07,025 [FATAL] Updater:308 - Updater called before beeing initialized
2024-10-09 13:41:07,033 [INFO] DbMcusAds:53 - JSON generation date=Fri Sep 20 09:04:23 EDT 2024 (1726837463113)
2024-10-09 13:41:07,033 [FATAL] Updater:308 - Updater called before beeing initialized
2024-10-09 13:41:07,160 [WARN] DetailPanel:346 - Failed to get advertising image, set to default
2024-10-09 13:41:07,308 [FATAL] Updater:308 - Updater called before beeing initialized
2024-10-09 13:41:07,315 [FATAL] Updater:308 - Updater called before beeing initialized
2024-10-09 13:41:07,316 [FATAL] Updater:308 - Updater called before beeing initialized
2024-10-09 13:41:07,316 [WARN] DetailPanel:346 - Failed to get advertising image, set to default
2024-10-09 13:41:07,317 [FATAL] Updater:308 - Updater called before beeing initialized
2024-10-09 13:41:07,450 [ERROR] Updater:1120 - MainUpdater not yet initialized. External WinMGr cannot be set.
2024-10-09 13:41:07,460 [INFO] Updater:1056 - Updater Version found : 6.11.1
2024-10-09 13:41:07,475 [INFO] ApplicationProperties:184 - Using Application install path: /Applications/STM32CubeIDE.app/Contents/Eclipse/plugins/com.st.stm32cube.common.mx_6.11.1.202404110753
2024-10-09 13:41:07,898 [INFO] MainUpdater:2873 - connection check result : 10
2024-10-09 13:41:07,899 [INFO] MainUpdater:290 - Updater Check For Update Now.
2024-10-09 13:41:07,899 [INFO] MicroXplorer:498 - Change Database Version : DB.6.0.111
2024-10-09 13:41:07,903 [INFO] McuFinderGlobals:63 - Set McuFinder mode to 2 (CubeIDE integrated)
2024-10-09 13:41:07,923 [INFO] UserAuth:415 - Internet connection configuration mode: 1
2024-10-09 13:41:07,936 [INFO] JxBrowserEngine:152 - Initiate JxBrowser Engine with user profile folder
2024-10-09 13:41:08,212 [INFO] CheckServerUpdateThread:120 - End of CheckServer Thread
2024-10-09 13:41:08,472 [WARN] PackLoader:240 - Cannot read IP mode file for STMicroelectronics.FP-SNS-MOTENVWB1.1.4.0
2024-10-09 13:41:08,506 [WARN] PackLoader:240 - Cannot read IP mode file for STMicroelectronics.X-CUBE-SMBUS.2.1.0
2024-10-09 13:41:08,544 [WARN] PackLoader:240 - Cannot read IP mode file for STMicroelectronics.X-CUBE-WB05N.1.1.0
2024-10-09 13:41:08,558 [WARN] PackLoader:240 - Cannot read IP mode file for STMicroelectronics.X-CUBE-TOUCHGFX.4.23.2
2024-10-09 13:41:08,620 [WARN] PackLoader:240 - Cannot read IP mode file for STMicroelectronics.X-CUBE-AZRTOS-F7.1.1.0
2024-10-09 13:41:08,821 [WARN] PackLoader:240 - Cannot read IP mode file for STMicroelectronics.X-CUBE-MEMS1.11.0.0
2024-10-09 13:41:09,152 [WARN] PackLoader:240 - Cannot read IP mode file for STMicroelectronics.FP-SNS-FLIGHT1.5.0.2
2024-10-09 13:41:09,177 [WARN] PackLoader:240 - Cannot read IP mode file for STMicroelectronics.X-CUBE-DISPLAY.3.0.0
2024-10-09 13:41:09,206 [WARN] PackLoader:240 - Cannot read IP mode file for STMicroelectronics.X-CUBE-BLE1.7.0.0
2024-10-09 13:41:09,227 [WARN] PackLoader:240 - Cannot read IP mode file for STMicroelectronics.X-CUBE-NFC10.1.0.0
2024-10-09 13:41:09,255 [WARN] PackLoader:240 - Cannot read IP mode file for emotas.I-CUBE-CANOPEN.1.3.0
2024-10-09 13:41:09,291 [WARN] PackLoader:240 - Cannot read IP mode file for STMicroelectronics.X-CUBE-BLEMGR.3.1.0
2024-10-09 13:41:09,318 [WARN] PackLoader:240 - Cannot read IP mode file for STMicroelectronics.FP-SNS-SMARTAG2.1.2.0
2024-10-09 13:41:09,335 [INFO] LogOutputStream:77 - [STDOUT_REDIRECT] 1 : Invalid condition id : UX_CORESTACK_Condition cause : null
2024-10-09 13:41:09,338 [INFO] LogOutputStream:77 - [STDOUT_REDIRECT] 1 : Invalid condition id : UX_CORESTACK_Condition cause : null
2024-10-09 13:41:09,339 [INFO] LogOutputStream:77 - [STDOUT_REDIRECT] 1 : Invalid condition id : UX_CORESTACK_Condition cause : null
2024-10-09 13:41:09,339 [INFO] LogOutputStream:77 - [STDOUT_REDIRECT] 1 : Invalid condition id : UX_CORESTACK_Condition cause : null
2024-10-09 13:41:09,339 [INFO] LogOutputStream:77 - [STDOUT_REDIRECT] 1 : Invalid condition id : UX_CORESTACK_Condition cause : null
2024-10-09 13:41:09,351 [WARN] PackLoader:240 - Cannot read IP mode file for STMicroelectronics.X-CUBE-AZRTOS-WL.2.0.0
2024-10-09 13:41:09,363 [WARN] PackLoader:240 - Cannot read IP mode file for STMicroelectronics.FP-SNS-MOTENV1.5.0.0
2024-10-09 13:41:09,369 [WARN] PackLoader:240 - Cannot read IP mode file for wolfSSL.I-CUBE-wolfMQTT.1.19.0
2024-10-09 13:41:09,380 [WARN] PackLoader:240 - Cannot read IP mode file for WES.I-CUBE-Cesium.1.3.0
2024-10-09 13:41:09,389 [WARN] PackLoader:240 - Cannot read IP mode file for STMicroelectronics.X-CUBE-BLE2.3.3.0
2024-10-09 13:41:09,416 [WARN] PackLoader:240 - Cannot read IP mode file for STMicroelectronics.X-CUBE-NFC9.1.0.0
2024-10-09 13:41:09,436 [WARN] PackLoader:240 - Cannot read IP mode file for STMicroelectronics.X-CUBE-TCPP.4.1.0
2024-10-09 13:41:09,472 [WARN] PackLoader:240 - Cannot read IP mode file for STMicroelectronics.X-CUBE-AZRTOS-G0.1.1.0
2024-10-09 13:41:09,488 [WARN] PackLoader:240 - Cannot read IP mode file for STMicroelectronics.X-CUBE-SAFEA1.1.2.2
2024-10-09 13:41:09,507 [WARN] PackLoader:240 - Cannot read IP mode file for STMicroelectronics.X-CUBE-NFC4.3.0.0
2024-10-09 13:41:09,535 [WARN] PackLoader:240 - Cannot read IP mode file for EmbeddedOffice.I-CUBE-FS-RTOS.1.0.1
2024-10-09 13:41:09,537 [ERROR] ConditionMgr:805 - Attr not supported : Dmpu
2024-10-09 13:41:09,538 [ERROR] ConditionMgr:805 - Attr not supported : Dmpu
2024-10-09 13:41:09,538 [ERROR] ConditionMgr:805 - Attr not supported : Dmpu
2024-10-09 13:41:09,538 [ERROR] ConditionMgr:805 - Attr not supported : Dmpu
2024-10-09 13:41:09,538 [ERROR] ConditionMgr:805 - Attr not supported : Dmpu
2024-10-09 13:41:09,538 [ERROR] ConditionMgr:805 - Attr not supported : Dmpu
2024-10-09 13:41:09,539 [ERROR] ConditionMgr:805 - Attr not supported : Dmpu
2024-10-09 13:41:09,539 [ERROR] ConditionMgr:805 - Attr not supported : Dmpu
2024-10-09 13:41:09,539 [ERROR] ConditionMgr:805 - Attr not supported : Dmpu
2024-10-09 13:41:09,539 [ERROR] ConditionMgr:805 - Attr not supported : Dmpu
2024-10-09 13:41:09,539 [ERROR] ConditionMgr:805 - Attr not supported : Dmpu
2024-10-09 13:41:09,539 [ERROR] ConditionMgr:805 - Attr not supported : Dmpu
2024-10-09 13:41:09,539 [ERROR] ConditionMgr:805 - Attr not supported : Dmpu
2024-10-09 13:41:09,540 [ERROR] ConditionMgr:805 - Attr not supported : Dmpu
2024-10-09 13:41:09,540 [ERROR] ConditionMgr:805 - Attr not supported : Dmpu
2024-10-09 13:41:09,540 [ERROR] ConditionMgr:805 - Attr not supported : Dmpu
2024-10-09 13:41:09,540 [ERROR] ConditionMgr:805 - Attr not supported : Dmpu
2024-10-09 13:41:09,540 [ERROR] ConditionMgr:805 - Attr not supported : Dmpu
2024-10-09 13:41:09,540 [ERROR] ConditionMgr:805 - Attr not supported : Dmpu
2024-10-09 13:41:09,540 [ERROR] ConditionMgr:805 - Attr not supported : Dmpu
2024-10-09 13:41:09,540 [ERROR] ConditionMgr:805 - Attr not supported : Dmpu
2024-10-09 13:41:09,540 [ERROR] ConditionMgr:805 - Attr not supported : Dmpu
2024-10-09 13:41:09,540 [ERROR] ConditionMgr:805 - Attr not supported : Dmpu
2024-10-09 13:41:09,540 [ERROR] ConditionMgr:805 - Attr not supported : Dmpu
2024-10-09 13:41:09,540 [ERROR] ConditionMgr:805 - Attr not supported : Dmpu
2024-10-09 13:41:09,540 [ERROR] ConditionMgr:805 - Attr not supported : Dmpu
2024-10-09 13:41:09,540 [ERROR] ConditionMgr:805 - Attr not supported : Dmpu
2024-10-09 13:41:09,540 [ERROR] ConditionMgr:805 - Attr not supported : Dmpu
2024-10-09 13:41:09,540 [ERROR] ConditionMgr:805 - Attr not supported : Dmpu
2024-10-09 13:41:09,541 [ERROR] ConditionMgr:805 - Attr not supported : Dmpu
2024-10-09 13:41:09,541 [ERROR] ConditionMgr:805 - Attr not supported : Dmpu
2024-10-09 13:41:09,541 [ERROR] ConditionMgr:805 - Attr not supported : Dmpu
2024-10-09 13:41:09,541 [ERROR] ConditionMgr:805 - Attr not supported : Dmpu
2024-10-09 13:41:09,541 [ERROR] ConditionMgr:805 - Attr not supported : Dmpu
2024-10-09 13:41:09,541 [ERROR] ConditionMgr:805 - Attr not supported : Dmpu
2024-10-09 13:41:09,541 [ERROR] ConditionMgr:805 - Attr not supported : Dmpu
2024-10-09 13:41:09,541 [ERROR] ConditionMgr:805 - Attr not supported : Dmpu
2024-10-09 13:41:09,542 [ERROR] ConditionMgr:805 - Attr not supported : Dmpu
2024-10-09 13:41:09,542 [ERROR] ConditionMgr:805 - Attr not supported : Dmpu
2024-10-09 13:41:09,542 [ERROR] ConditionMgr:805 - Attr not supported : Dmpu
2024-10-09 13:41:09,542 [ERROR] ConditionMgr:805 - Attr not supported : Dmpu
2024-10-09 13:41:09,542 [ERROR] ConditionMgr:805 - Attr not supported : Dmpu
2024-10-09 13:41:09,543 [ERROR] ConditionMgr:805 - Attr not supported : Dmpu
2024-10-09 13:41:09,543 [ERROR] ConditionMgr:805 - Attr not supported : Dmpu
2024-10-09 13:41:09,543 [ERROR] ConditionMgr:805 - Attr not supported : Dmpu
2024-10-09 13:41:09,543 [ERROR] ConditionMgr:805 - Attr not supported : Dmpu
2024-10-09 13:41:09,543 [ERROR] ConditionMgr:805 - Attr not supported : Dmpu
2024-10-09 13:41:09,543 [ERROR] ConditionMgr:805 - Attr not supported : Dmpu
2024-10-09 13:41:09,543 [ERROR] ConditionMgr:805 - Attr not supported : Dmpu
2024-10-09 13:41:09,543 [ERROR] ConditionMgr:805 - Attr not supported : Dmpu
2024-10-09 13:41:09,543 [ERROR] ConditionMgr:805 - Attr not supported : Dmpu
2024-10-09 13:41:09,543 [ERROR] ConditionMgr:805 - Attr not supported : Dmpu
2024-10-09 13:41:09,543 [ERROR] ConditionMgr:805 - Attr not supported : Dmpu
2024-10-09 13:41:09,543 [ERROR] ConditionMgr:805 - Attr not supported : Dmpu
2024-10-09 13:41:09,543 [ERROR] ConditionMgr:805 - Attr not supported : Dmpu
2024-10-09 13:41:09,543 [ERROR] ConditionMgr:805 - Attr not supported : Dmpu
2024-10-09 13:41:09,543 [ERROR] ConditionMgr:805 - Attr not supported : Dmpu
2024-10-09 13:41:09,543 [ERROR] ConditionMgr:805 - Attr not supported : Dmpu
2024-10-09 13:41:09,543 [ERROR] ConditionMgr:805 - Attr not supported : Dmpu
2024-10-09 13:41:09,543 [ERROR] ConditionMgr:805 - Attr not supported : Dmpu
2024-10-09 13:41:09,543 [ERROR] ConditionMgr:805 - Attr not supported : Dmpu
2024-10-09 13:41:09,544 [ERROR] ConditionMgr:805 - Attr not supported : Dmpu
2024-10-09 13:41:09,544 [ERROR] ConditionMgr:805 - Attr not supported : Dmpu
2024-10-09 13:41:09,544 [ERROR] ConditionMgr:805 - Attr not supported : Dmpu
2024-10-09 13:41:09,553 [WARN] PackLoader:240 - Cannot read IP mode file for RealThread.X-CUBE-RT-Thread_Nano.4.1.1
2024-10-09 13:41:09,576 [WARN] PackLoader:240 - Cannot read IP mode file for wolfSSL.I-CUBE-wolfSSL.5.7.0
2024-10-09 13:41:09,584 [WARN] PackLoader:240 - Cannot read IP mode file for STMicroelectronics.FP-ATR-SIGFOX1.3.2.0
2024-10-09 13:41:09,598 [WARN] PackLoader:240 - Cannot read IP mode file for STMicroelectronics.X-CUBE-EEPRMA1.5.1.0
2024-10-09 13:41:09,611 [WARN] PackLoader:240 - Cannot read IP mode file for ITTIA_DB.I-CUBE-ITTIADB.8.9.0
2024-10-09 13:41:09,878 [WARN] PackLoader:240 - Cannot read IP mode file for SEGGER.I-CUBE-embOS.1.3.1
2024-10-09 13:41:10,032 [WARN] PackLoader:240 - Cannot read IP mode file for STMicroelectronics.X-CUBE-ALGOBUILD.1.4.0
2024-10-09 13:41:10,041 [WARN] PackLoader:240 - Cannot read IP mode file for STMicroelectronics.X-CUBE-AI.9.1.0
2024-10-09 13:41:10,050 [WARN] PackLoader:240 - Cannot read IP mode file for STMicroelectronics.X-CUBE-GNSS1.6.0.0
2024-10-09 13:41:10,092 [WARN] PackLoader:240 - Cannot read IP mode file for STMicroelectronics.X-CUBE-AZRTOS-F4.1.1.0
2024-10-09 13:41:10,108 [WARN] PackLoader:240 - Cannot read IP mode file for STMicroelectronics.X-CUBE-ISPU.2.1.0
2024-10-09 13:41:10,120 [WARN] PackLoader:240 - Cannot read IP mode file for STMicroelectronics.X-CUBE-FREERTOS.1.2.0
2024-10-09 13:41:10,149 [WARN] PackLoader:240 - Cannot read IP mode file for STMicroelectronics.X-CUBE-AZRTOS-L5.2.0.0
2024-10-09 13:41:10,175 [WARN] PackLoader:240 - Cannot read IP mode file for STMicroelectronics.X-CUBE-NFC6.3.1.0
2024-10-09 13:41:10,188 [WARN] PackLoader:240 - Cannot read IP mode file for STMicroelectronics.X-CUBE-DPower.1.2.0
2024-10-09 13:41:10,193 [WARN] PackLoader:240 - Cannot read IP mode file for STMicroelectronics.X-CUBE-AI.9.0.0
2024-10-09 13:41:10,202 [WARN] PackLoader:240 - Cannot read IP mode file for STMicroelectronics.X-CUBE-NFC7.1.0.1
2024-10-09 13:41:10,240 [WARN] ConditionMgr:438 - getConditionDescription Invalid condition id : LAN8742 Phy interface Condition cause : null
2024-10-09 13:41:10,243 [WARN] PackLoader:240 - Cannot read IP mode file for STMicroelectronics.X-CUBE-AZRTOS-L4.2.0.0
2024-10-09 13:41:10,247 [WARN] ConditionMgr:1039 - genDependencies : Invalid condition id : LAN8742 Phy interface Condition cause : null
2024-10-09 13:41:10,248 [WARN] ConditionMgr:1039 - genDependencies : Invalid condition id : LAN8742 Phy interface Condition cause : null
2024-10-09 13:41:10,250 [WARN] ConditionMgr:1039 - genDependencies : Invalid condition id : LAN8742 Phy interface Condition cause : null
2024-10-09 13:41:10,265 [WARN] PackLoader:240 - Cannot read IP mode file for STMicroelectronics.X-CUBE-SFXS2LP1.4.0.0
2024-10-09 13:41:10,309 [WARN] PackLoader:240 - Cannot read IP mode file for STMicroelectronics.X-CUBE-AZRTOS-H7.3.3.0
2024-10-09 13:41:10,345 [WARN] PackLoader:240 - Cannot read IP mode file for STMicroelectronics.X-CUBE-IPS.3.0.0
2024-10-09 13:41:10,381 [WARN] ConditionMgr:438 - getConditionDescription Invalid condition id : UX DEVICE CLASS RTOS Condition cause : null
2024-10-09 13:41:10,381 [WARN] ConditionMgr:438 - getConditionDescription Invalid condition id : UX DEVICE CLASS RTOS Condition cause : null
2024-10-09 13:41:10,387 [WARN] PackLoader:240 - Cannot read IP mode file for STMicroelectronics.X-CUBE-AZRTOS-WB.2.0.0
2024-10-09 13:41:10,389 [WARN] ConditionMgr:1039 - genDependencies : Invalid condition id : UX DEVICE CLASS RTOS Condition cause : null
2024-10-09 13:41:10,390 [WARN] ConditionMgr:1039 - genDependencies : Invalid condition id : UX DEVICE CLASS RTOS Condition cause : null
2024-10-09 13:41:10,391 [WARN] ConditionMgr:1039 - genDependencies : Invalid condition id : UX DEVICE CLASS RTOS Condition cause : null
2024-10-09 13:41:10,392 [WARN] ConditionMgr:1039 - genDependencies : Invalid condition id : UX DEVICE CLASS RTOS Condition cause : null
2024-10-09 13:41:10,392 [WARN] ConditionMgr:1039 - genDependencies : Invalid condition id : UX DEVICE CLASS RTOS Condition cause : null
2024-10-09 13:41:10,412 [WARN] PackLoader:240 - Cannot read IP mode file for STMicroelectronics.X-CUBE-GNSS1.7.0.0
2024-10-09 13:41:10,429 [WARN] PackLoader:240 - Cannot read IP mode file for STMicroelectronics.FP-SNS-STBOX1.2.0.0
2024-10-09 13:41:10,456 [WARN] PackLoader:240 - Cannot read IP mode file for STMicroelectronics.X-CUBE-SUBG2.5.0.0
2024-10-09 13:41:10,473 [WARN] PackLoader:240 - Cannot read IP mode file for Cesanta.I-CUBE-Mongoose.7.13.0
2024-10-09 13:41:10,500 [WARN] PackLoader:240 - Cannot read IP mode file for STMicroelectronics.X-CUBE-AZRTOS-G4.2.0.0
2024-10-09 13:41:10,519 [WARN] PackLoader:240 - Cannot read IP mode file for STMicroelectronics.X-CUBE-ISPU.2.0.0
2024-10-09 13:41:10,524 [WARN] PackLoader:240 - Cannot read IP mode file for STMicroelectronics.X-CUBE-ALS.1.0.2
2024-10-09 13:41:10,609 [WARN] PackLoader:240 - Cannot read IP mode file for STMicroelectronics.X-CUBE-MEMS1.10.0.0
2024-10-09 13:41:10,759 [WARN] PackLoader:240 - Cannot read IP mode file for STMicroelectronics.X-CUBE-TOUCHGFX.4.24.0
2024-10-09 13:41:10,763 [WARN] PackLoader:240 - Cannot read IP mode file for STMicroelectronics.X-CUBE-TOUCHGFX.4.24.1
2024-10-09 13:41:10,774 [WARN] PackLoader:240 - Cannot read IP mode file for wolfSSL.I-CUBE-wolfTPM.3.4.0
2024-10-09 13:41:10,786 [WARN] PackLoader:240 - Cannot read IP mode file for portGmbH.I-Cube-SoM-uGOAL.1.1.0
2024-10-09 13:41:10,828 [WARN] PackLoader:240 - Cannot read IP mode file for STMicroelectronics.X-CUBE-AZRTOS-H7RS.1.0.0
2024-10-09 13:41:10,839 [WARN] PackLoader:240 - Cannot read IP mode file for STMicroelectronics.FP-ATR-ASTRA1.2.0.0
2024-10-09 13:41:10,857 [WARN] PackLoader:240 - Cannot read IP mode file for STMicroelectronics.X-CUBE-TOF1.3.4.2
2024-10-09 13:41:10,903 [WARN] PackLoader:240 - Cannot read IP mode file for STMicroelectronics.X-CUBE-TOF1.3.4.1
2024-10-09 13:41:11,078 [WARN] PackLoader:240 - Cannot read IP mode file for STMicroelectronics.X-CUBE-AZRTOS-H7.3.2.0
2024-10-09 13:41:11,136 [WARN] PackLoader:240 - Cannot read IP mode file for Infineon.AIROC-Wi-Fi-Bluetooth-STM32.1.6.0
2024-10-09 13:41:11,151 [WARN] PackLoader:240 - Cannot read IP mode file for wolfSSL.I-CUBE-wolfSSH.1.4.17
2024-10-09 13:41:11,162 [INFO] ThirdParty:978 - Integrity check success = true
2024-10-09 13:41:11,162 [INFO] IntegrityCheckThread:100 - exiting critical section [integrity check]
2024-10-09 13:41:11,162 [INFO] IntegrityCheckThread:103 - End integrity checks thread
2024-10-09 13:41:13,831 [INFO] WebApp:161 - Instantiating new browser for Auth
2024-10-09 13:41:15,650 [INFO] WebApp:779 - Register for checkConnection events
2024-10-09 13:41:15,651 [INFO] WebApp:414 - Apply proxy settings
2024-10-09 13:41:15,664 [INFO] WebApp:459 - Chromium authenticates against Manually configured proxy
2024-10-09 13:41:15,686 [INFO] WebApp:467 - Username used for proxy authentication: 
2024-10-09 13:41:15,886 [INFO] WebApp:192 - Starting web application
2024-10-09 13:41:15,886 [INFO] WebApp:544 - Web application path used /Applications/STM32CubeIDE.app/Contents/Eclipse/plugins/com.st.stm32cube.common.mx_6.11.1.202404110753/db/plugins/mcufinder/reactClient1/index.html
2024-10-09 13:48:11,856 [INFO] McuFinderGlobals:63 - Set McuFinder mode to 2 (CubeIDE integrated)
2024-10-09 13:48:11,871 [INFO] MainUpdater:2873 - connection check result : 10
2024-10-09 13:48:13,703 [INFO] ApiDb:581 - Connected to CubeFinder SQLite database (/Users/alexbendezu/.stmcufinder/plugins/mcufinder/mcu/cube-finder-db.db)
2024-10-09 13:48:13,781 [INFO] ApiDb:668 - CubeFinder database Data Model version=2.1
2024-10-09 13:48:13,781 [INFO] ApiDb:669 - CubeFinder database Configuration version=3.0.39
2024-10-09 13:48:13,783 [INFO] ApiDb:670 - CubeFinder database generation date=2024-09-16 (1726485674)
2024-10-09 13:48:13,783 [INFO] ApiDb:671 - CubeFinder database FW Pack versions=[FP-ATR-ASTRA1_V2.0.0, FP-SNS-FLIGHT1_V5.0.2, FP-SNS-MOTENV1_V5.0.0, FP-SNS-MOTENVWB1_V1.4.0, FP-SNS-SMARTAG2_V1.2.0, FP-SNS-STBOX1_V2.0.0, STM32Cube_FW_C0_V1.2.0, STM32Cube_FW_F4_V1.28.1, STM32Cube_FW_F7_V1.17.2, STM32Cube_FW_G0_V1.6.2, STM32Cube_FW_G4_V1.6.0, STM32Cube_FW_H5_V1.3.0, STM32Cube_FW_H7RS_V1.1.0, STM32Cube_FW_H7_V1.11.2, STM32Cube_FW_L0_V1.12.2, STM32Cube_FW_L5_V1.5.1, STM32Cube_FW_U0_V1.1.0, STM32Cube_FW_U5_V1.6.0, STM32Cube_FW_WB0_V1.0.0, STM32Cube_FW_WBA_V1.4.1, STM32Cube_FW_WB_V1.20.0, STM32Cube_FW_WL_V1.3.0, X-CUBE-ALGOBUILD_V1.4.0, X-CUBE-ALS_V1.0.2, X-CUBE-AZRTOS-F4_V1.1.0, X-CUBE-AZRTOS-F7_V1.1.0, X-CUBE-AZRTOS-G0_V1.1.0, X-CUBE-AZRTOS-G4_V2.0.0, X-CUBE-AZRTOS-H7RS_V1.0.0, X-CUBE-AZRTOS-H7_V3.2.0, X-CUBE-AZRTOS-L4_V2.0.0, X-CUBE-AZRTOS-L5_V2.0.0, X-CUBE-AZRTOS-WB_V2.0.0, X-CUBE-AZRTOS-WL_V2.0.0, X-CUBE-BLE1_V7.0.0, X-CUBE-BLE2_V3.3.0, X-CUBE-BLEMGR_V3.1.0, X-CUBE-EEPRMA1_V5.1.0, X-CUBE-FREERTOS_V1.2.0, X-CUBE-GNSS1_V6.0.0, X-CUBE-MEMS1_V11.0.0, X-CUBE-NFC4_V3.0.0, X-CUBE-NFC7_V1.0.1, X-CUBE-SFXS2LP1_V4.0.0, X-CUBE-SUBG2_V5.0.0, X-CUBE-TOF1_V3.4.2]
2024-10-09 13:48:13,934 [INFO] DbBoardsSqlite:226 - include board P-NUCLEO-WB55-NUCLEO as a kit item of type 'Nucleo-64'
2024-10-09 13:48:13,935 [INFO] DbBoardsSqlite:226 - include board P-NUCLEO-WB55-USBDONGLE as a kit item of type 'Nucleo USB Dongle'
2024-10-09 13:48:13,936 [INFO] DbBoardsSqlite:226 - include board STEVAL-IDP005V1 as a kit item of type 'Evaluation Board'
2024-10-09 13:48:13,937 [INFO] DbBoardsSqlite:226 - include board STEVAL-IDP005V2 as a kit item of type 'Evaluation Board'
2024-10-09 13:48:14,082 [INFO] ApiDb:240 - Found 483 in-development CPN: [B-G473E-ZEST1S, B-WB1M-WPAN1, B-WL5M-SUBG1, NUCLEO-C031C6, NUCLEO-H503RB, NUCLEO-H533RE, NUCLEO-H563ZI, NUCLEO-H7S3L8, NUCLEO-U031R8, NUCLEO-U083RC, NUCLEO-U545RE-Q, NUCLEO-U5A5ZJ-Q, NUCLEO-WBA52CG, NUCLEO-WBA55CG, STEVAL-PROTEUS1, STEVAL-SMARTAG2, STEVAL-STWINBX1, STM320518-EVAL, STM32C0116-DK, STM32C011D6Y3TR, STM32C011D6Y6TR, STM32C011F4P3, STM32C011F4P6, STM32C011F4U3, STM32C011F4U6TR, STM32C011F6P3, STM32C011F6P6, STM32C011F6U3, STM32C011F6U6TR, STM32C011J4M3, STM32C011J4M6, STM32C011J6M3, STM32C011J6M6, STM32C0316-DK, STM32C031C4T3, STM32C031C4T6, STM32C031C4U3, STM32C031C4U6, STM32C031C6T3, STM32C031C6T6, STM32C031C6U3, STM32C031C6U6, STM32C031F4P3, STM32C031F4P6, STM32C031F6P3, STM32C031F6P6, STM32C031G4U3, STM32C031G4U6, STM32C031G6U3, STM32C031G6U6, STM32C031K4T3, STM32C031K4T6, STM32C031K4U3, STM32C031K4U6, STM32C031K6T3, STM32C031K6T6, STM32C031K6U3, STM32C031K6U6, STM32G071K8TXN, STM32G071K8UXN, STM32G081GBU6N, STM32G081KBT6N, STM32G081KBUXN, STM32G0B1CCT6N, STM32G0B1KCT6, STM32G0B1NEY6TR, STM32G0B1RCT6N, STM32G0C1CCT6, STM32G0C1CCT6N, STM32G0C1CCU6N, STM32G0C1CET6N, STM32G0C1CEU6N, STM32G0C1KCT6, STM32G0C1NEY6TR, STM32G0C1RCI6N, STM32G0C1RCT6N, STM32G0C1REI6N, STM32G0C1RET6N, STM32G0C1VCI6, STM32G0C1VEI6, STM32G471CCT6, STM32G471CCU6, STM32G471CET3, STM32G471CET6, STM32G471CEU3, STM32G471CEU6, STM32G471MCT6, STM32G471MET3, STM32G471MET6, STM32G471MEY6TR, STM32G471QCT6, STM32G471QET3, STM32G471RCT6, STM32G471RET3, STM32G471RET6, STM32G471VCH6, STM32G471VCI6, STM32G471VCT6, STM32G471VEH3, STM32G471VEH6, STM32G471VEI3, STM32G471VEI6, STM32G471VET3, STM32G471VET6, STM32G474CCT6, STM32H503CBT6, STM32H503CBU6, STM32H503EBY6TR, STM32H503KBU6, STM32H503RBT6, STM32H523CCT6, STM32H523CCU6, STM32H523CET6, STM32H523CEU6, STM32H523HEY6TR, STM32H523RCT6, STM32H523RET6, STM32H523VCI6, STM32H523VCT6, STM32H523VEI6, STM32H523VET6, STM32H523ZCJ6, STM32H523ZCT6, STM32H523ZEJ6, STM32H523ZET6, STM32H533CET6, STM32H533CEU6, STM32H533HEY6TR, STM32H533RET6, STM32H533VEI6, STM32H533VET6, STM32H533ZEJ6, STM32H533ZET6, STM32H562AGI6, STM32H562AII6, STM32H562IGK6, STM32H562IGT6, STM32H562IIK6, STM32H562IIT6, STM32H562RGT6, STM32H562RGV6, STM32H562RIT6, STM32H562RIV6, STM32H562VGT6, STM32H562VIT6, STM32H562ZGT6, STM32H562ZIT6, STM32H563AGI6, STM32H563AII3Q, STM32H563AII6, STM32H563IGK6, STM32H563IGT6, STM32H563IIK3Q, STM32H563IIK6, STM32H563IIT3Q, STM32H563IIT6, STM32H563MIY3QTR, STM32H563RGT6, STM32H563RGV6, STM32H563RIT6, STM32H563RIV6, STM32H563VGT6, STM32H563VIT3Q, STM32H563VIT6, STM32H563ZGT6, STM32H563ZIT3Q, STM32H563ZIT6, STM32H573AII3Q, STM32H573AII6, STM32H573I-DK, STM32H573IIK3Q, STM32H573IIK6, STM32H573IIT3Q, STM32H573IIT6, STM32H573MIY3QTR, STM32H573RIT6, STM32H573RIV6, STM32H573VIT3Q, STM32H573VIT6, STM32H573ZIT3Q, STM32H573ZIT6, STM32H7R3A8I6, STM32H7R3I8K6, STM32H7R3I8T6, STM32H7R3L8H6, STM32H7R3L8H6H, STM32H7R3R8V6, STM32H7R3V8H6, STM32H7R3V8T6, STM32H7R3V8Y6, STM32H7R3Z8J6, STM32H7R3Z8T6, STM32H7R7A8I6, STM32H7R7I8K6, STM32H7R7I8T6, STM32H7R7L8H6, STM32H7R7L8H6H, STM32H7R7Z8J6, STM32H7S3A8I6, STM32H7S3I8K6, STM32H7S3I8T6, STM32H7S3L8H6, STM32H7S3L8H6H, STM32H7S3R8V6, STM32H7S3V8H6, STM32H7S3V8T6, STM32H7S3V8Y6, STM32H7S3Z8J6, STM32H7S3Z8T6, STM32H7S78-DK, STM32H7S7A8I6, STM32H7S7I8K6, STM32H7S7I8T6, STM32H7S7L8H6, STM32H7S7L8H6H, STM32H7S7Z8J6, STM32L4R5QGI6STR, STM32MP131AAE3, STM32MP131AAF3, STM32MP131AAG3, STM32MP131CAE3, STM32MP131CAF3, STM32MP131CAG3, STM32MP131DAE7, STM32MP131DAF7, STM32MP131DAG7, STM32MP131FAE7, STM32MP131FAF7, STM32MP131FAG7, STM32MP133AAE3, STM32MP133AAF3, STM32MP133AAG3, STM32MP133CAE3, STM32MP133CAF3, STM32MP133CAG3, STM32MP133DAE7, STM32MP133DAF7, STM32MP133DAG7, STM32MP133FAE7, STM32MP133FAF7, STM32MP133FAG7, STM32MP135AAE3, STM32MP135AAF3, STM32MP135AAG3, STM32MP135CAE3, STM32MP135CAF3, STM32MP135CAG3, STM32MP135DAE7, STM32MP135DAF7, STM32MP135DAG7, STM32MP135F-DK, STM32MP135FAE7, STM32MP135FAF7, STM32MP135FAF7T, STM32MP135FAF7U, STM32MP135FAG7, STM32U031C6T6, STM32U031C6U6, STM32U031C8T6, STM32U031C8U6, STM32U031F4P6, STM32U031F6P6, STM32U031F8P6, STM32U031G6Y6TR, STM32U031G8Y6TR, STM32U031K4U6, STM32U031K6U6, STM32U031K8U6, STM32U031R6I6, STM32U031R6T6, STM32U031R8I6, STM32U031R8T6, STM32U073C8T6, STM32U073C8U6, STM32U073CBT6, STM32U073CBU6, STM32U073CCT6, STM32U073CCU6, STM32U073H8Y6TR, STM32U073HBY6TR, STM32U073HCY6TR, STM32U073K8U6, STM32U073KBU6, STM32U073KCU6, STM32U073M8I6, STM32U073M8T6, STM32U073MBI6, STM32U073MBT6, STM32U073MCI6, STM32U073MCT6, STM32U073R8I6, STM32U073R8T6, STM32U073RBI6, STM32U073RBT6, STM32U073RCI6, STM32U073RCT6, STM32U083C-DK, STM32U083CCT6, STM32U083CCU6, STM32U083HCY6TR, STM32U083KCU6, STM32U083MCI6, STM32U083MCT6, STM32U083RCI6, STM32U083RCT6, STM32U535CBT6, STM32U535CBT6Q, STM32U535CBU6, STM32U535CBU6Q, STM32U535CCT6, STM32U535CCT6Q, STM32U535CCU6, STM32U535CCU6Q, STM32U535CET6, STM32U535CET6Q, STM32U535CEU6, STM32U535CEU6Q, STM32U535JEY6QTR, STM32U535NCY6QTR, STM32U535NEY6QTR, STM32U535RBI6, STM32U535RBI6Q, STM32U535RBT6, STM32U535RBT6Q, STM32U535RCI6, STM32U535RCI6Q, STM32U535RCT6, STM32U535RCT6Q, STM32U535REI6, STM32U535REI6Q, STM32U535RET6, STM32U535RET6Q, STM32U535VCI6, STM32U535VCI6Q, STM32U535VCT6, STM32U535VCT6Q, STM32U535VEI6, STM32U535VEI6Q, STM32U535VET6, STM32U535VET6Q, STM32U545CET6, STM32U545CET6Q, STM32U545CEU6, STM32U545CEU6Q, STM32U545JEY6QTR, STM32U545NEY6QTR, STM32U545REI6, STM32U545REI6Q, STM32U545RET6, STM32U545RET6Q, STM32U545VEI6, STM32U545VEI6Q, STM32U545VET6, STM32U545VET6Q, STM32U595AIH6, STM32U595AIH6Q, STM32U595AJH6, STM32U595AJH6Q, STM32U595QII6, STM32U595QII6Q, STM32U595QJI6, STM32U595QJI6Q, STM32U595RIT6, STM32U595RIT6Q, STM32U595RJT6, STM32U595RJT6Q, STM32U595VIT6, STM32U595VIT6Q, STM32U595VJT6, STM32U595VJT6Q, STM32U595ZIT6, STM32U595ZIT6Q, STM32U595ZIY6QTR, STM32U595ZJT6, STM32U595ZJT6Q, STM32U595ZJY6QTR, STM32U599BJY6QTR, STM32U599NIH6Q, STM32U599NJH6Q, STM32U599VIT6Q, STM32U599VJT6, STM32U599VJT6Q, STM32U599ZIT6Q, STM32U599ZIY6QTR, STM32U599ZJT6Q, STM32U599ZJY6QTR, STM32U5A5AJH6, STM32U5A5AJH6Q, STM32U5A5QII3Q , STM32U5A5QJI6, STM32U5A5QJI6Q, STM32U5A5RJT6, STM32U5A5RJT6Q, STM32U5A5VJT6, STM32U5A5VJT6Q, STM32U5A5ZJT6, STM32U5A5ZJT6Q, STM32U5A5ZJY6QTR, STM32U5A9BJY6QTR, STM32U5A9J-DK, STM32U5A9NJH6Q, STM32U5A9VJT6Q, STM32U5A9ZJT6Q, STM32U5A9ZJY6QTR, STM32U5F7VIT6, STM32U5F7VIT6Q, STM32U5F7VJT6, STM32U5F7VJT6Q, STM32U5F9BJY6QTR, STM32U5F9NJH6Q, STM32U5F9VIT6Q, STM32U5F9VJT6Q, STM32U5F9ZIJ6QTR, STM32U5F9ZIT6Q, STM32U5F9ZJJ6QTR, STM32U5F9ZJT6Q, STM32U5G7VJT6, STM32U5G7VJT6Q, STM32U5G9BJY6QTR, STM32U5G9J-DK1, STM32U5G9J-DK2, STM32U5G9NJH6Q, STM32U5G9VJT6Q, STM32U5G9ZJJ6QTR, STM32U5G9ZJT6Q, STM32WB1MMCH6, STM32WBA50KEU6, STM32WBA50KEU6TR, STM32WBA50KGU6, STM32WBA50KGU6TR, STM32WBA52CEU6, STM32WBA52CEU6TR, STM32WBA52CEU7, STM32WBA52CEU7TR, STM32WBA52CGU6, STM32WBA52CGU6TR, STM32WBA52CGU6U, STM32WBA52CGU7, STM32WBA52CGU7TR, STM32WBA52KEU6, STM32WBA52KEU6TR, STM32WBA52KGU6, STM32WBA52KGU6TR, STM32WBA54CEU6, STM32WBA54CEU6TR, STM32WBA54CEU7, STM32WBA54CEU7TR, STM32WBA54CGU6, STM32WBA54CGU6TR, STM32WBA54CGU7, STM32WBA54CGU7TR, STM32WBA54KEU6, STM32WBA54KEU6TR, STM32WBA54KEU7, STM32WBA54KEU7TR, STM32WBA54KGU6, STM32WBA54KGU6TR, STM32WBA54KGU7, STM32WBA54KGU7TR, STM32WBA55CEU6, STM32WBA55CEU6TR, STM32WBA55CEU7, STM32WBA55CEU7TR, STM32WBA55CGU6, STM32WBA55CGU6TR, STM32WBA55CGU6U, STM32WBA55CGU7, STM32WBA55CGU7TR, STM32WBA55G-DK1, STM32WBA55HEF6, STM32WBA55HEF7, STM32WBA55HGF6, STM32WBA55HGF7, STM32WBA55UEI6, STM32WBA55UEI6TR, STM32WBA55UEI7, STM32WBA55UEI7TR, STM32WBA55UGI6, STM32WBA55UGI6TR, STM32WBA55UGI7, STM32WBA55UGI7TR, STM32WL5MOCH6, STM32WL5MOCH6TR]
2024-10-09 13:48:14,089 [INFO] ApiDb:668 - CubeFinder database Data Model version=2.1
2024-10-09 13:48:14,090 [INFO] ApiDb:669 - CubeFinder database Configuration version=3.0.39
2024-10-09 13:48:14,090 [INFO] ApiDb:670 - CubeFinder database generation date=2024-09-16 (1726485674)
2024-10-09 13:48:14,091 [INFO] ApiDb:671 - CubeFinder database FW Pack versions=[FP-ATR-ASTRA1_V2.0.0, FP-SNS-FLIGHT1_V5.0.2, FP-SNS-MOTENV1_V5.0.0, FP-SNS-MOTENVWB1_V1.4.0, FP-SNS-SMARTAG2_V1.2.0, FP-SNS-STBOX1_V2.0.0, STM32Cube_FW_C0_V1.2.0, STM32Cube_FW_F4_V1.28.1, STM32Cube_FW_F7_V1.17.2, STM32Cube_FW_G0_V1.6.2, STM32Cube_FW_G4_V1.6.0, STM32Cube_FW_H5_V1.3.0, STM32Cube_FW_H7RS_V1.1.0, STM32Cube_FW_H7_V1.11.2, STM32Cube_FW_L0_V1.12.2, STM32Cube_FW_L5_V1.5.1, STM32Cube_FW_U0_V1.1.0, STM32Cube_FW_U5_V1.6.0, STM32Cube_FW_WB0_V1.0.0, STM32Cube_FW_WBA_V1.4.1, STM32Cube_FW_WB_V1.20.0, STM32Cube_FW_WL_V1.3.0, X-CUBE-ALGOBUILD_V1.4.0, X-CUBE-ALS_V1.0.2, X-CUBE-AZRTOS-F4_V1.1.0, X-CUBE-AZRTOS-F7_V1.1.0, X-CUBE-AZRTOS-G0_V1.1.0, X-CUBE-AZRTOS-G4_V2.0.0, X-CUBE-AZRTOS-H7RS_V1.0.0, X-CUBE-AZRTOS-H7_V3.2.0, X-CUBE-AZRTOS-L4_V2.0.0, X-CUBE-AZRTOS-L5_V2.0.0, X-CUBE-AZRTOS-WB_V2.0.0, X-CUBE-AZRTOS-WL_V2.0.0, X-CUBE-BLE1_V7.0.0, X-CUBE-BLE2_V3.3.0, X-CUBE-BLEMGR_V3.1.0, X-CUBE-EEPRMA1_V5.1.0, X-CUBE-FREERTOS_V1.2.0, X-CUBE-GNSS1_V6.0.0, X-CUBE-MEMS1_V11.0.0, X-CUBE-NFC4_V3.0.0, X-CUBE-NFC7_V1.0.1, X-CUBE-SFXS2LP1_V4.0.0, X-CUBE-SUBG2_V5.0.0, X-CUBE-TOF1_V3.4.2]
2024-10-09 13:48:16,543 [INFO] ApiDb:240 - Found 483 in-development CPN: [B-G473E-ZEST1S, B-WB1M-WPAN1, B-WL5M-SUBG1, NUCLEO-C031C6, NUCLEO-H503RB, NUCLEO-H533RE, NUCLEO-H563ZI, NUCLEO-H7S3L8, NUCLEO-U031R8, NUCLEO-U083RC, NUCLEO-U545RE-Q, NUCLEO-U5A5ZJ-Q, NUCLEO-WBA52CG, NUCLEO-WBA55CG, STEVAL-PROTEUS1, STEVAL-SMARTAG2, STEVAL-STWINBX1, STM320518-EVAL, STM32C0116-DK, STM32C011D6Y3TR, STM32C011D6Y6TR, STM32C011F4P3, STM32C011F4P6, STM32C011F4U3, STM32C011F4U6TR, STM32C011F6P3, STM32C011F6P6, STM32C011F6U3, STM32C011F6U6TR, STM32C011J4M3, STM32C011J4M6, STM32C011J6M3, STM32C011J6M6, STM32C0316-DK, STM32C031C4T3, STM32C031C4T6, STM32C031C4U3, STM32C031C4U6, STM32C031C6T3, STM32C031C6T6, STM32C031C6U3, STM32C031C6U6, STM32C031F4P3, STM32C031F4P6, STM32C031F6P3, STM32C031F6P6, STM32C031G4U3, STM32C031G4U6, STM32C031G6U3, STM32C031G6U6, STM32C031K4T3, STM32C031K4T6, STM32C031K4U3, STM32C031K4U6, STM32C031K6T3, STM32C031K6T6, STM32C031K6U3, STM32C031K6U6, STM32G071K8TXN, STM32G071K8UXN, STM32G081GBU6N, STM32G081KBT6N, STM32G081KBUXN, STM32G0B1CCT6N, STM32G0B1KCT6, STM32G0B1NEY6TR, STM32G0B1RCT6N, STM32G0C1CCT6, STM32G0C1CCT6N, STM32G0C1CCU6N, STM32G0C1CET6N, STM32G0C1CEU6N, STM32G0C1KCT6, STM32G0C1NEY6TR, STM32G0C1RCI6N, STM32G0C1RCT6N, STM32G0C1REI6N, STM32G0C1RET6N, STM32G0C1VCI6, STM32G0C1VEI6, STM32G471CCT6, STM32G471CCU6, STM32G471CET3, STM32G471CET6, STM32G471CEU3, STM32G471CEU6, STM32G471MCT6, STM32G471MET3, STM32G471MET6, STM32G471MEY6TR, STM32G471QCT6, STM32G471QET3, STM32G471RCT6, STM32G471RET3, STM32G471RET6, STM32G471VCH6, STM32G471VCI6, STM32G471VCT6, STM32G471VEH3, STM32G471VEH6, STM32G471VEI3, STM32G471VEI6, STM32G471VET3, STM32G471VET6, STM32G474CCT6, STM32H503CBT6, STM32H503CBU6, STM32H503EBY6TR, STM32H503KBU6, STM32H503RBT6, STM32H523CCT6, STM32H523CCU6, STM32H523CET6, STM32H523CEU6, STM32H523HEY6TR, STM32H523RCT6, STM32H523RET6, STM32H523VCI6, STM32H523VCT6, STM32H523VEI6, STM32H523VET6, STM32H523ZCJ6, STM32H523ZCT6, STM32H523ZEJ6, STM32H523ZET6, STM32H533CET6, STM32H533CEU6, STM32H533HEY6TR, STM32H533RET6, STM32H533VEI6, STM32H533VET6, STM32H533ZEJ6, STM32H533ZET6, STM32H562AGI6, STM32H562AII6, STM32H562IGK6, STM32H562IGT6, STM32H562IIK6, STM32H562IIT6, STM32H562RGT6, STM32H562RGV6, STM32H562RIT6, STM32H562RIV6, STM32H562VGT6, STM32H562VIT6, STM32H562ZGT6, STM32H562ZIT6, STM32H563AGI6, STM32H563AII3Q, STM32H563AII6, STM32H563IGK6, STM32H563IGT6, STM32H563IIK3Q, STM32H563IIK6, STM32H563IIT3Q, STM32H563IIT6, STM32H563MIY3QTR, STM32H563RGT6, STM32H563RGV6, STM32H563RIT6, STM32H563RIV6, STM32H563VGT6, STM32H563VIT3Q, STM32H563VIT6, STM32H563ZGT6, STM32H563ZIT3Q, STM32H563ZIT6, STM32H573AII3Q, STM32H573AII6, STM32H573I-DK, STM32H573IIK3Q, STM32H573IIK6, STM32H573IIT3Q, STM32H573IIT6, STM32H573MIY3QTR, STM32H573RIT6, STM32H573RIV6, STM32H573VIT3Q, STM32H573VIT6, STM32H573ZIT3Q, STM32H573ZIT6, STM32H7R3A8I6, STM32H7R3I8K6, STM32H7R3I8T6, STM32H7R3L8H6, STM32H7R3L8H6H, STM32H7R3R8V6, STM32H7R3V8H6, STM32H7R3V8T6, STM32H7R3V8Y6, STM32H7R3Z8J6, STM32H7R3Z8T6, STM32H7R7A8I6, STM32H7R7I8K6, STM32H7R7I8T6, STM32H7R7L8H6, STM32H7R7L8H6H, STM32H7R7Z8J6, STM32H7S3A8I6, STM32H7S3I8K6, STM32H7S3I8T6, STM32H7S3L8H6, STM32H7S3L8H6H, STM32H7S3R8V6, STM32H7S3V8H6, STM32H7S3V8T6, STM32H7S3V8Y6, STM32H7S3Z8J6, STM32H7S3Z8T6, STM32H7S78-DK, STM32H7S7A8I6, STM32H7S7I8K6, STM32H7S7I8T6, STM32H7S7L8H6, STM32H7S7L8H6H, STM32H7S7Z8J6, STM32L4R5QGI6STR, STM32MP131AAE3, STM32MP131AAF3, STM32MP131AAG3, STM32MP131CAE3, STM32MP131CAF3, STM32MP131CAG3, STM32MP131DAE7, STM32MP131DAF7, STM32MP131DAG7, STM32MP131FAE7, STM32MP131FAF7, STM32MP131FAG7, STM32MP133AAE3, STM32MP133AAF3, STM32MP133AAG3, STM32MP133CAE3, STM32MP133CAF3, STM32MP133CAG3, STM32MP133DAE7, STM32MP133DAF7, STM32MP133DAG7, STM32MP133FAE7, STM32MP133FAF7, STM32MP133FAG7, STM32MP135AAE3, STM32MP135AAF3, STM32MP135AAG3, STM32MP135CAE3, STM32MP135CAF3, STM32MP135CAG3, STM32MP135DAE7, STM32MP135DAF7, STM32MP135DAG7, STM32MP135F-DK, STM32MP135FAE7, STM32MP135FAF7, STM32MP135FAF7T, STM32MP135FAF7U, STM32MP135FAG7, STM32U031C6T6, STM32U031C6U6, STM32U031C8T6, STM32U031C8U6, STM32U031F4P6, STM32U031F6P6, STM32U031F8P6, STM32U031G6Y6TR, STM32U031G8Y6TR, STM32U031K4U6, STM32U031K6U6, STM32U031K8U6, STM32U031R6I6, STM32U031R6T6, STM32U031R8I6, STM32U031R8T6, STM32U073C8T6, STM32U073C8U6, STM32U073CBT6, STM32U073CBU6, STM32U073CCT6, STM32U073CCU6, STM32U073H8Y6TR, STM32U073HBY6TR, STM32U073HCY6TR, STM32U073K8U6, STM32U073KBU6, STM32U073KCU6, STM32U073M8I6, STM32U073M8T6, STM32U073MBI6, STM32U073MBT6, STM32U073MCI6, STM32U073MCT6, STM32U073R8I6, STM32U073R8T6, STM32U073RBI6, STM32U073RBT6, STM32U073RCI6, STM32U073RCT6, STM32U083C-DK, STM32U083CCT6, STM32U083CCU6, STM32U083HCY6TR, STM32U083KCU6, STM32U083MCI6, STM32U083MCT6, STM32U083RCI6, STM32U083RCT6, STM32U535CBT6, STM32U535CBT6Q, STM32U535CBU6, STM32U535CBU6Q, STM32U535CCT6, STM32U535CCT6Q, STM32U535CCU6, STM32U535CCU6Q, STM32U535CET6, STM32U535CET6Q, STM32U535CEU6, STM32U535CEU6Q, STM32U535JEY6QTR, STM32U535NCY6QTR, STM32U535NEY6QTR, STM32U535RBI6, STM32U535RBI6Q, STM32U535RBT6, STM32U535RBT6Q, STM32U535RCI6, STM32U535RCI6Q, STM32U535RCT6, STM32U535RCT6Q, STM32U535REI6, STM32U535REI6Q, STM32U535RET6, STM32U535RET6Q, STM32U535VCI6, STM32U535VCI6Q, STM32U535VCT6, STM32U535VCT6Q, STM32U535VEI6, STM32U535VEI6Q, STM32U535VET6, STM32U535VET6Q, STM32U545CET6, STM32U545CET6Q, STM32U545CEU6, STM32U545CEU6Q, STM32U545JEY6QTR, STM32U545NEY6QTR, STM32U545REI6, STM32U545REI6Q, STM32U545RET6, STM32U545RET6Q, STM32U545VEI6, STM32U545VEI6Q, STM32U545VET6, STM32U545VET6Q, STM32U595AIH6, STM32U595AIH6Q, STM32U595AJH6, STM32U595AJH6Q, STM32U595QII6, STM32U595QII6Q, STM32U595QJI6, STM32U595QJI6Q, STM32U595RIT6, STM32U595RIT6Q, STM32U595RJT6, STM32U595RJT6Q, STM32U595VIT6, STM32U595VIT6Q, STM32U595VJT6, STM32U595VJT6Q, STM32U595ZIT6, STM32U595ZIT6Q, STM32U595ZIY6QTR, STM32U595ZJT6, STM32U595ZJT6Q, STM32U595ZJY6QTR, STM32U599BJY6QTR, STM32U599NIH6Q, STM32U599NJH6Q, STM32U599VIT6Q, STM32U599VJT6, STM32U599VJT6Q, STM32U599ZIT6Q, STM32U599ZIY6QTR, STM32U599ZJT6Q, STM32U599ZJY6QTR, STM32U5A5AJH6, STM32U5A5AJH6Q, STM32U5A5QII3Q , STM32U5A5QJI6, STM32U5A5QJI6Q, STM32U5A5RJT6, STM32U5A5RJT6Q, STM32U5A5VJT6, STM32U5A5VJT6Q, STM32U5A5ZJT6, STM32U5A5ZJT6Q, STM32U5A5ZJY6QTR, STM32U5A9BJY6QTR, STM32U5A9J-DK, STM32U5A9NJH6Q, STM32U5A9VJT6Q, STM32U5A9ZJT6Q, STM32U5A9ZJY6QTR, STM32U5F7VIT6, STM32U5F7VIT6Q, STM32U5F7VJT6, STM32U5F7VJT6Q, STM32U5F9BJY6QTR, STM32U5F9NJH6Q, STM32U5F9VIT6Q, STM32U5F9VJT6Q, STM32U5F9ZIJ6QTR, STM32U5F9ZIT6Q, STM32U5F9ZJJ6QTR, STM32U5F9ZJT6Q, STM32U5G7VJT6, STM32U5G7VJT6Q, STM32U5G9BJY6QTR, STM32U5G9J-DK1, STM32U5G9J-DK2, STM32U5G9NJH6Q, STM32U5G9VJT6Q, STM32U5G9ZJJ6QTR, STM32U5G9ZJT6Q, STM32WB1MMCH6, STM32WBA50KEU6, STM32WBA50KEU6TR, STM32WBA50KGU6, STM32WBA50KGU6TR, STM32WBA52CEU6, STM32WBA52CEU6TR, STM32WBA52CEU7, STM32WBA52CEU7TR, STM32WBA52CGU6, STM32WBA52CGU6TR, STM32WBA52CGU6U, STM32WBA52CGU7, STM32WBA52CGU7TR, STM32WBA52KEU6, STM32WBA52KEU6TR, STM32WBA52KGU6, STM32WBA52KGU6TR, STM32WBA54CEU6, STM32WBA54CEU6TR, STM32WBA54CEU7, STM32WBA54CEU7TR, STM32WBA54CGU6, STM32WBA54CGU6TR, STM32WBA54CGU7, STM32WBA54CGU7TR, STM32WBA54KEU6, STM32WBA54KEU6TR, STM32WBA54KEU7, STM32WBA54KEU7TR, STM32WBA54KGU6, STM32WBA54KGU6TR, STM32WBA54KGU7, STM32WBA54KGU7TR, STM32WBA55CEU6, STM32WBA55CEU6TR, STM32WBA55CEU7, STM32WBA55CEU7TR, STM32WBA55CGU6, STM32WBA55CGU6TR, STM32WBA55CGU6U, STM32WBA55CGU7, STM32WBA55CGU7TR, STM32WBA55G-DK1, STM32WBA55HEF6, STM32WBA55HEF7, STM32WBA55HGF6, STM32WBA55HGF7, STM32WBA55UEI6, STM32WBA55UEI6TR, STM32WBA55UEI7, STM32WBA55UEI7TR, STM32WBA55UGI6, STM32WBA55UGI6TR, STM32WBA55UGI7, STM32WBA55UGI7TR, STM32WL5MOCH6, STM32WL5MOCH6TR]
2024-10-09 13:48:16,562 [INFO] DbMcus:218 - Found 4204 MCUs, 4204 are supported
2024-10-09 13:48:16,564 [INFO] ApiDb:423 - Load user favorites file /Users/alexbendezu/.stm32cubeide/favorites.mcus.txt: 0 item(s)
2024-10-09 13:48:16,564 [INFO] ApiDb:427 - User favorites MCUs=[]
2024-10-09 13:48:16,564 [INFO] DbMcus:224 - Set 0 / 0 favorites MCUs
2024-10-09 13:48:17,114 [INFO] BoardInfo:889 - No configuration file found for board NUCLEO-WB05KZ
2024-10-09 13:48:17,114 [INFO] DbBoards:161 - Board is not supported: NUCLEO-WB05KZ
2024-10-09 13:48:17,116 [INFO] BoardInfo:889 - No configuration file found for board NUCLEO-WB07CC
2024-10-09 13:48:17,116 [INFO] DbBoards:161 - Board is not supported: NUCLEO-WB07CC
2024-10-09 13:48:17,118 [INFO] BoardInfo:889 - No configuration file found for board NUCLEO-WB09KE
2024-10-09 13:48:17,118 [INFO] DbBoards:161 - Board is not supported: NUCLEO-WB09KE
2024-10-09 13:48:17,135 [INFO] BoardInfo:889 - No configuration file found for board P-NUCLEO-WB55
2024-10-09 13:48:17,135 [INFO] DbBoards:161 - Kit is not supported: P-NUCLEO-WB55
2024-10-09 13:48:17,189 [INFO] BoardInfo:889 - No configuration file found for board STEVAL-BFA001V1B
2024-10-09 13:48:17,190 [INFO] DbBoards:161 - Kit is not supported: STEVAL-BFA001V1B
2024-10-09 13:48:17,191 [INFO] BoardInfo:889 - No configuration file found for board STEVAL-BFA001V2B
2024-10-09 13:48:17,192 [INFO] DbBoards:161 - Kit is not supported: STEVAL-BFA001V2B
2024-10-09 13:48:17,359 [INFO] BoardInfo:889 - No configuration file found for board STM32MP257F-DK
2024-10-09 13:48:17,359 [INFO] DbBoards:161 - Board is not supported: STM32MP257F-DK
2024-10-09 13:48:17,361 [INFO] BoardInfo:889 - No configuration file found for board STM32MP257F-EV1
2024-10-09 13:48:17,361 [INFO] DbBoards:161 - Board is not supported: STM32MP257F-EV1
2024-10-09 13:48:17,375 [INFO] DbBoards:168 - Found 200 boards, 192 are supported
2024-10-09 13:48:17,375 [INFO] DbBoards:169 - Found 200 boards, 8 of them is supported for  Bsp
2024-10-09 13:48:17,380 [INFO] ApiDb:423 - Load user favorites file /Users/alexbendezu/.stm32cubeide/favorites.boards.txt: 0 item(s)
2024-10-09 13:48:17,384 [INFO] ApiDb:427 - User favorites Boards=[]
2024-10-09 13:48:17,386 [INFO] DbBoards:198 - Set 0 / 0 favorites Boards
2024-10-09 13:48:17,388 [INFO] McuFinderGlobals:76 - Set McuFinderConnectedMode to true
2024-10-09 13:48:17,405 [INFO] MultiScanPanel:200 - Auto-refresh data requested => check proxy status ongoing
2024-10-09 13:48:17,409 [INFO] FinderPluginLoader:95 - Searching for filters in installed packs
2024-10-09 13:48:19,517 [INFO] LoadUrlFilesThread:185 - End of LoadServerUrlFiles without Thread
2024-10-09 13:48:19,597 [INFO] DetailPanel:341 - Set advertising image to /Users/alexbendezu/STM32Cube/Repository//en.prom-stm32c071-usb-memories-mcu-finder.png
2024-10-09 13:49:16,261 [INFO] MainUpdater:2873 - connection check result : 10
2024-10-09 13:49:16,267 [INFO] MainUpdater:2873 - connection check result : 10
2024-10-09 13:49:17,079 [INFO] MicroXplorer:468 - Change Database Path : 
2024-10-09 13:49:17,082 [INFO] MicroXplorer:498 - Change Database Version : DB.6.0.111
2024-10-09 13:49:17,090 [WARN] ThirdParty:871 - waiting for thirdparty lock release [close project]
2024-10-09 13:49:17,090 [INFO] ThirdParty:873 - entering critical section [close project]
2024-10-09 13:49:17,101 [INFO] ThirdParty:883 - exiting critical section [close project]
2024-10-09 13:49:17,108 [INFO] PinOutPanel:1561 - setPackage(No Configuration,No Configuration)
2024-10-09 13:49:17,146 [INFO] UtilMem:75 - Begin LoadConfig() Used Memory: 582166648 Bytes (1073741824)
2024-10-09 13:49:17,151 [INFO] MicroXplorer:468 - Change Database Path : 
2024-10-09 13:49:17,152 [INFO] MicroXplorer:498 - Change Database Version : DB.6.0.111
2024-10-09 13:49:17,152 [INFO] OpenFileManager:312 - Change cursor
2024-10-09 13:49:17,413 [INFO] Mcu:2021 - Initializing MCU STM32F401RETx STM32F401RETx STM32F401RET6
2024-10-09 13:49:19,406 [INFO] Context:663 - Trying to add GPIOservice into a context  which must be forbidden
2024-10-09 13:49:20,261 [INFO] ImportTextPane:194 - (OptionalMessage_ERROR) Unable to find key (Mcu.ThirdPartyNb) in loaded IOC file
2024-10-09 13:49:20,264 [INFO] ImportTextPane:194 - (OptionalMessage_ERROR) Unable to find key (Mcu.PinsNb) in loaded IOC file
2024-10-09 13:49:20,264 [INFO] ImportTextPane:194 - (OptionalMessage_ERROR) Unable to find key (Mcu.IPNb) in loaded IOC file
2024-10-09 13:49:20,612 [INFO] RtosManager:555 - Registered RTOS mode: class=CMSIS, group=RTOS, mode=CMSIS_V1, owner=FREERTOS
2024-10-09 13:49:20,612 [INFO] RtosManager:555 - Registered RTOS mode: class=CMSIS, group=RTOS2, mode=CMSIS_V2, owner=FREERTOS
2024-10-09 13:49:20,612 [INFO] RtosManager:555 - Registered RTOS mode: class=RTOS, group=Core, mode=CMSIS_V1, owner=FREERTOS
2024-10-09 13:49:20,612 [INFO] RtosManager:555 - Registered RTOS mode: class=RTOS, group=Core, mode=CMSIS_V2, owner=FREERTOS
2024-10-09 13:49:20,612 [WARN] ModelIntegratedComponent:184 - Missing modes for component STMicroelectronics:FreeRTOS:0.0.1:STMicroelectronics:RTOS:FreeRTOS:Core:::10.2.0:
2024-10-09 13:49:20,672 [WARN] ModelIntegratedComponent:63 - No mode defined for component null
2024-10-09 13:49:20,672 [WARN] ModelIntegratedComponent:63 - No mode defined for component null
2024-10-09 13:49:20,672 [WARN] ModelIntegratedComponent:63 - No mode defined for component null
2024-10-09 13:49:20,672 [WARN] ModelIntegratedComponent:63 - No mode defined for component null
2024-10-09 13:49:20,672 [WARN] ModelIntegratedComponent:63 - No mode defined for component null
2024-10-09 13:49:20,672 [WARN] ModelIntegratedComponent:63 - No mode defined for component null
2024-10-09 13:49:20,672 [WARN] ModelIntegratedComponent:63 - No mode defined for component null
2024-10-09 13:49:20,672 [WARN] ModelIntegratedComponent:63 - No mode defined for component null
2024-10-09 13:49:20,672 [WARN] ModelIntegratedComponent:63 - No mode defined for component null
2024-10-09 13:49:20,672 [WARN] ModelIntegratedComponent:63 - No mode defined for component null
2024-10-09 13:49:20,672 [WARN] ModelIntegratedComponent:63 - No mode defined for component null
2024-10-09 13:49:20,672 [WARN] ModelIntegratedComponent:63 - No mode defined for component null
2024-10-09 13:49:20,672 [WARN] ModelIntegratedComponent:63 - No mode defined for component null
2024-10-09 13:49:20,672 [WARN] ModelIntegratedComponent:63 - No mode defined for component null
2024-10-09 13:49:20,672 [WARN] ModelIntegratedComponent:63 - No mode defined for component null
2024-10-09 13:49:20,672 [WARN] ModelIntegratedComponent:63 - No mode defined for component null
2024-10-09 13:49:20,673 [WARN] ModelIntegratedComponent:63 - No mode defined for component null
2024-10-09 13:49:20,673 [WARN] ModelIntegratedComponent:63 - No mode defined for component null
2024-10-09 13:49:20,673 [WARN] ModelIntegratedComponent:63 - No mode defined for component null
2024-10-09 13:49:20,673 [WARN] ModelIntegratedComponent:63 - No mode defined for component null
2024-10-09 13:49:20,673 [WARN] ModelIntegratedComponent:63 - No mode defined for component null
2024-10-09 13:49:20,673 [WARN] ModelIntegratedComponent:63 - No mode defined for component null
2024-10-09 13:49:20,673 [WARN] ModelIntegratedComponent:63 - No mode defined for component null
2024-10-09 13:49:20,673 [WARN] ModelIntegratedComponent:63 - No mode defined for component null
2024-10-09 13:49:20,673 [WARN] ModelIntegratedComponent:63 - No mode defined for component null
2024-10-09 13:49:20,673 [WARN] ModelIntegratedComponent:63 - No mode defined for component null
2024-10-09 13:49:20,673 [WARN] ModelIntegratedComponent:63 - No mode defined for component null
2024-10-09 13:49:20,673 [WARN] ModelIntegratedComponent:63 - No mode defined for component null
2024-10-09 13:49:20,673 [WARN] ModelIntegratedComponent:63 - No mode defined for component null
2024-10-09 13:49:20,673 [WARN] ModelIntegratedComponent:63 - No mode defined for component null
2024-10-09 13:49:20,673 [WARN] ModelIntegratedComponent:63 - No mode defined for component null
2024-10-09 13:49:20,673 [WARN] ModelIntegratedComponent:63 - No mode defined for component null
2024-10-09 13:49:20,673 [WARN] ModelIntegratedComponent:63 - No mode defined for component null
2024-10-09 13:49:20,673 [WARN] ModelIntegratedComponent:63 - No mode defined for component null
2024-10-09 13:49:20,825 [INFO] ThirdPartyModel:298 - Start build external matchings
2024-10-09 13:49:22,074 [INFO] ThirdPartyModel:316 - End build external matchings
2024-10-09 13:49:22,632 [INFO] UtilMem:75 - End LoadConfig() Used Memory: 912582344 Bytes (1073741824)
2024-10-09 13:49:22,740 [WARN] ThirdParty:833 - waiting for thirdparty lock release [change project]
2024-10-09 13:49:22,744 [INFO] ThirdParty:835 - entering critical section [change project]
2024-10-09 13:49:22,744 [INFO] ThirdParty:1030 - CMSIS Pack Vendor :STMicroelectronics USBPD 4.1
2024-10-09 13:49:22,744 [INFO] ThirdParty:1030 - CMSIS Pack Vendor :STMicroelectronics X-CUBE-AZRTOS-H7 3.3.0
2024-10-09 13:49:22,744 [INFO] ThirdParty:1030 - CMSIS Pack Vendor :STMicroelectronics X-CUBE-NFC9 1.0.0
2024-10-09 13:49:22,745 [INFO] ThirdParty:1030 - CMSIS Pack Vendor :STMicroelectronics X-CUBE-GNSS1 6.0.0
2024-10-09 13:49:22,745 [INFO] ThirdParty:1030 - CMSIS Pack Vendor :STMicroelectronics USB_HOST 2.0.0
2024-10-09 13:49:22,745 [INFO] ThirdParty:1030 - CMSIS Pack Vendor :STMicroelectronics FP-SNS-MOTENVWB1 1.4.0
2024-10-09 13:49:22,745 [INFO] ThirdParty:1030 - CMSIS Pack Vendor :STMicroelectronics X-CUBE-AZRTOS-F4 1.1.0
2024-10-09 13:49:22,745 [INFO] ThirdParty:1030 - CMSIS Pack Vendor :STMicroelectronics LIBJPEG 8.0.0
2024-10-09 13:49:22,745 [INFO] ThirdParty:1030 - CMSIS Pack Vendor :STMicroelectronics X-CUBE-SMBUS 2.1.0
2024-10-09 13:49:22,745 [INFO] ThirdParty:1030 - CMSIS Pack Vendor :STMicroelectronics X-CUBE-WB05N 1.1.0
2024-10-09 13:49:22,745 [INFO] ThirdParty:1030 - CMSIS Pack Vendor :STMicroelectronics USB_DEVICE 3.0.0
2024-10-09 13:49:22,745 [INFO] ThirdParty:1030 - CMSIS Pack Vendor :STMicroelectronics X-CUBE-TCPP 4.1.0
2024-10-09 13:49:22,745 [INFO] ThirdParty:1030 - CMSIS Pack Vendor :STMicroelectronics X-CUBE-ISPU 2.1.0
2024-10-09 13:49:22,745 [INFO] ThirdParty:1030 - CMSIS Pack Vendor :STMicroelectronics X-CUBE-FREERTOS 1.2.0
2024-10-09 13:49:22,745 [INFO] ThirdParty:1030 - CMSIS Pack Vendor :STMicroelectronics X-CUBE-IPS 3.0.0
2024-10-09 13:49:22,745 [INFO] ThirdParty:1030 - CMSIS Pack Vendor :STMicroelectronics X-CUBE-AZRTOS-WB 2.0.0
2024-10-09 13:49:22,745 [INFO] ThirdParty:1030 - CMSIS Pack Vendor :STMicroelectronics X-CUBE-GNSS1 7.0.0
2024-10-09 13:49:22,745 [INFO] ThirdParty:1030 - CMSIS Pack Vendor :STMicroelectronics X-CUBE-TOUCHGFX 4.23.2
2024-10-09 13:49:22,745 [INFO] ThirdParty:1030 - CMSIS Pack Vendor :STMicroelectronics X-CUBE-AZRTOS-F7 1.1.0
2024-10-09 13:49:22,745 [INFO] ThirdParty:1030 - CMSIS Pack Vendor :STMicroelectronics X-CUBE-AZRTOS-L5 2.0.0
2024-10-09 13:49:22,745 [INFO] ThirdParty:1030 - CMSIS Pack Vendor :STMicroelectronics USB_DEVICE 2.0.0
2024-10-09 13:49:22,745 [INFO] ThirdParty:1030 - CMSIS Pack Vendor :STMicroelectronics X-CUBE-NFC6 3.1.0
2024-10-09 13:49:22,745 [INFO] ThirdParty:1030 - CMSIS Pack Vendor :STMicroelectronics FP-SNS-STBOX1 2.0.0
2024-10-09 13:49:22,745 [INFO] ThirdParty:1030 - CMSIS Pack Vendor :STMicroelectronics X-CUBE-MEMS1 11.0.0
2024-10-09 13:49:22,745 [INFO] ThirdParty:1030 - CMSIS Pack Vendor :STMicroelectronics FreeRTOS 0.0.1
2024-10-09 13:49:22,745 [INFO] ThirdParty:1030 - CMSIS Pack Vendor :STMicroelectronics X-CUBE-AZRTOS-G0 1.1.0
2024-10-09 13:49:22,745 [INFO] ThirdParty:1030 - CMSIS Pack Vendor :STMicroelectronics X-CUBE-SAFEA1 1.2.2
2024-10-09 13:49:22,745 [INFO] ThirdParty:1030 - CMSIS Pack Vendor :STMicroelectronics X-CUBE-NFC4 3.0.0
2024-10-09 13:49:22,746 [INFO] ThirdParty:1030 - CMSIS Pack Vendor :STMicroelectronics X-CUBE-DPower 1.2.0
2024-10-09 13:49:22,746 [INFO] ThirdParty:1030 - CMSIS Pack Vendor :STMicroelectronics X-CUBE-SUBG2 5.0.0
2024-10-09 13:49:22,746 [INFO] ThirdParty:1030 - CMSIS Pack Vendor :STMicroelectronics STM32_WPAN 1.0.0
2024-10-09 13:49:22,746 [INFO] ThirdParty:1030 - CMSIS Pack Vendor :EmbeddedOffice I-CUBE-FS-RTOS 1.0.1
2024-10-09 13:49:22,746 [INFO] ThirdParty:1030 - CMSIS Pack Vendor :STMicroelectronics lwIP 2.0.3
2024-10-09 13:49:22,746 [INFO] ThirdParty:1030 - CMSIS Pack Vendor :STMicroelectronics FP-SNS-FLIGHT1 5.0.2
2024-10-09 13:49:22,746 [INFO] ThirdParty:1030 - CMSIS Pack Vendor :Cesanta I-CUBE-Mongoose 7.13.0
2024-10-09 13:49:22,746 [INFO] ThirdParty:1030 - CMSIS Pack Vendor :STMicroelectronics USB_HOST 1.0.0
2024-10-09 13:49:22,746 [INFO] ThirdParty:1030 - CMSIS Pack Vendor :STMicroelectronics X-CUBE-AI 9.0.0
2024-10-09 13:49:22,746 [INFO] ThirdParty:1030 - CMSIS Pack Vendor :STMicroelectronics X-CUBE-AZRTOS-G4 2.0.0
2024-10-09 13:49:22,746 [INFO] ThirdParty:1030 - CMSIS Pack Vendor :STMicroelectronics PDM2PCM 3.1.0
2024-10-09 13:49:22,746 [INFO] ThirdParty:1030 - CMSIS Pack Vendor :STMicroelectronics PDM2PCM 3.3.0
2024-10-09 13:49:22,746 [INFO] ThirdParty:1030 - CMSIS Pack Vendor :STMicroelectronics X-CUBE-DISPLAY 3.0.0
2024-10-09 13:49:22,746 [INFO] ThirdParty:1030 - CMSIS Pack Vendor :RealThread X-CUBE-RT-Thread_Nano 4.1.1
2024-10-09 13:49:22,746 [INFO] ThirdParty:1030 - CMSIS Pack Vendor :wolfSSL I-CUBE-wolfSSL 5.7.0
2024-10-09 13:49:22,746 [INFO] ThirdParty:1030 - CMSIS Pack Vendor :STMicroelectronics X-CUBE-BLE1 7.0.0
2024-10-09 13:49:22,746 [INFO] ThirdParty:1030 - CMSIS Pack Vendor :STMicroelectronics FP-ATR-SIGFOX1 3.2.0
2024-10-09 13:49:22,746 [INFO] ThirdParty:1030 - CMSIS Pack Vendor :STMicroelectronics X-CUBE-NFC10 1.0.0
2024-10-09 13:49:22,746 [INFO] ThirdParty:1030 - CMSIS Pack Vendor :STMicroelectronics X-CUBE-ISPU 2.0.0
2024-10-09 13:49:22,746 [INFO] ThirdParty:1030 - CMSIS Pack Vendor :STMicroelectronics X-CUBE-EEPRMA1 5.1.0
2024-10-09 13:49:22,746 [INFO] ThirdParty:1030 - CMSIS Pack Vendor :STMicroelectronics HAL Drivers 0.0.0
2024-10-09 13:49:22,746 [INFO] ThirdParty:1030 - CMSIS Pack Vendor :STMicroelectronics MBEDTLS 2.16.2
2024-10-09 13:49:22,746 [INFO] ThirdParty:1030 - CMSIS Pack Vendor :STMicroelectronics X-CUBE-ALS 1.0.2
2024-10-09 13:49:22,746 [INFO] ThirdParty:1030 - CMSIS Pack Vendor :emotas I-CUBE-CANOPEN 1.3.0
2024-10-09 13:49:22,746 [INFO] ThirdParty:1030 - CMSIS Pack Vendor :STMicroelectronics X-CUBE-MEMS1 10.0.0
2024-10-09 13:49:22,746 [INFO] ThirdParty:1030 - CMSIS Pack Vendor :STMicroelectronics X-CUBE-NFC7 1.0.1
2024-10-09 13:49:22,746 [INFO] ThirdParty:1030 - CMSIS Pack Vendor :STMicroelectronics MBEDTLS 2.14.1
2024-10-09 13:49:22,746 [INFO] ThirdParty:1030 - CMSIS Pack Vendor :STMicroelectronics X-CUBE-TOUCHGFX 4.24.0
2024-10-09 13:49:22,746 [INFO] ThirdParty:1030 - CMSIS Pack Vendor :ITTIA_DB I-CUBE-ITTIADB 8.9.0
2024-10-09 13:49:22,746 [INFO] ThirdParty:1030 - CMSIS Pack Vendor :STMicroelectronics X-CUBE-TOUCHGFX 4.24.1
2024-10-09 13:49:22,746 [INFO] ThirdParty:1030 - CMSIS Pack Vendor :wolfSSL I-CUBE-wolfTPM 3.4.0
2024-10-09 13:49:22,747 [INFO] ThirdParty:1030 - CMSIS Pack Vendor :portGmbH I-Cube-SoM-uGOAL 1.1.0
2024-10-09 13:49:22,747 [INFO] ThirdParty:1030 - CMSIS Pack Vendor :STMicroelectronics X-CUBE-BLEMGR 3.1.0
2024-10-09 13:49:22,747 [INFO] ThirdParty:1030 - CMSIS Pack Vendor :STMicroelectronics ThreadX 1.0.0
2024-10-09 13:49:22,747 [INFO] ThirdParty:1030 - CMSIS Pack Vendor :STMicroelectronics FP-SNS-SMARTAG2 1.2.0
2024-10-09 13:49:22,747 [INFO] ThirdParty:1030 - CMSIS Pack Vendor :STMicroelectronics X-CUBE-AZRTOS-WL 2.0.0
2024-10-09 13:49:22,747 [INFO] ThirdParty:1030 - CMSIS Pack Vendor :SEGGER I-CUBE-embOS 1.3.1
2024-10-09 13:49:22,747 [INFO] ThirdParty:1030 - CMSIS Pack Vendor :STMicroelectronics X-CUBE-ALGOBUILD 1.4.0
2024-10-09 13:49:22,747 [INFO] ThirdParty:1030 - CMSIS Pack Vendor :STMicroelectronics FP-SNS-MOTENV1 5.0.0
2024-10-09 13:49:22,747 [INFO] ThirdParty:1030 - CMSIS Pack Vendor :STMicroelectronics USB_DEVICE 1.0.0
2024-10-09 13:49:22,753 [INFO] ThirdParty:1030 - CMSIS Pack Vendor :STMicroelectronics X-CUBE-AZRTOS-H7RS 1.0.0
2024-10-09 13:49:22,755 [INFO] ThirdParty:1030 - CMSIS Pack Vendor :wolfSSL I-CUBE-wolfMQTT 1.19.0
2024-10-09 13:49:22,756 [INFO] ThirdParty:1030 - CMSIS Pack Vendor :STMicroelectronics X-CUBE-AZRTOS-L4 2.0.0
2024-10-09 13:49:22,756 [INFO] ThirdParty:1030 - CMSIS Pack Vendor :STMicroelectronics ThreadX 0.0.2
2024-10-09 13:49:22,756 [INFO] ThirdParty:1030 - CMSIS Pack Vendor :WES I-CUBE-Cesium 1.3.0
2024-10-09 13:49:22,756 [INFO] ThirdParty:1030 - CMSIS Pack Vendor :STMicroelectronics FP-ATR-ASTRA1 2.0.0
2024-10-09 13:49:22,756 [INFO] ThirdParty:1030 - CMSIS Pack Vendor :STMicroelectronics lwIP 2.1.2
2024-10-09 13:49:22,756 [INFO] ThirdParty:1030 - CMSIS Pack Vendor :STMicroelectronics X-CUBE-SFXS2LP1 4.0.0
2024-10-09 13:49:22,756 [INFO] ThirdParty:1030 - CMSIS Pack Vendor :STMicroelectronics X-CUBE-BLE2 3.3.0
2024-10-09 13:49:22,756 [INFO] ThirdParty:1030 - CMSIS Pack Vendor :STMicroelectronics X-CUBE-TOF1 3.4.2
2024-10-09 13:49:22,756 [INFO] ThirdParty:1030 - CMSIS Pack Vendor :STMicroelectronics X-CUBE-AI 9.1.0
2024-10-09 13:49:22,756 [INFO] ThirdParty:1030 - CMSIS Pack Vendor :STMicroelectronics X-CUBE-TOF1 3.4.1
2024-10-09 13:49:22,756 [INFO] ThirdParty:1030 - CMSIS Pack Vendor :STMicroelectronics X-CUBE-AZRTOS-H7 3.2.0
2024-10-09 13:49:22,756 [INFO] ThirdParty:1030 - CMSIS Pack Vendor :Infineon AIROC-Wi-Fi-Bluetooth-STM32 1.6.0
2024-10-09 13:49:22,756 [INFO] ThirdParty:1030 - CMSIS Pack Vendor :STMicroelectronics PDM2PCM 3.2.0
2024-10-09 13:49:22,756 [INFO] ThirdParty:1030 - CMSIS Pack Vendor :wolfSSL I-CUBE-wolfSSH 1.4.17
2024-10-09 13:49:22,761 [INFO] ThirdParty:841 - exiting critical section [change project]
2024-10-09 13:49:23,843 [INFO] PinOutPanel:1561 - setPackage(No Configuration,No Configuration)
2024-10-09 13:49:23,854 [INFO] PinOutPanel:1561 - setPackage(STM32F401RETx,LQFP64)
2024-10-09 13:49:25,704 [INFO] UtilMem:75 - Before build in PCC Used Memory: 611755600 Bytes (1073741824)
2024-10-09 13:49:28,936 [INFO] UtilMem:75 - After build in PCC Used Memory: 855547472 Bytes (1073741824)
2024-10-09 13:49:29,392 [INFO] IPUIPlugin:80 - create IPUIPlugin
2024-10-09 13:49:29,397 [INFO] IPUIPlugin:80 - create IPUIPlugin
2024-10-09 13:49:29,400 [INFO] IPUIPlugin:80 - create IPUIPlugin
2024-10-09 13:49:29,400 [INFO] IPUIPlugin:80 - create IPUIPlugin
2024-10-09 13:49:29,400 [INFO] IPUIPlugin:80 - create IPUIPlugin
2024-10-09 13:49:29,401 [INFO] IPUIPlugin:80 - create IPUIPlugin
2024-10-09 13:49:29,402 [INFO] IPUIPlugin:80 - create IPUIPlugin
2024-10-09 13:49:29,402 [INFO] IPUIPlugin:80 - create IPUIPlugin
2024-10-09 13:49:29,402 [INFO] IPUIPlugin:80 - create IPUIPlugin
2024-10-09 13:49:29,403 [INFO] IPUIPlugin:80 - create IPUIPlugin
2024-10-09 13:49:29,403 [INFO] IPUIPlugin:80 - create IPUIPlugin
2024-10-09 13:49:29,404 [INFO] IPUIPlugin:80 - create IPUIPlugin
2024-10-09 13:49:29,414 [INFO] IPUIPlugin:80 - create IPUIPlugin
2024-10-09 13:49:29,414 [INFO] IPUIPlugin:80 - create IPUIPlugin
2024-10-09 13:49:29,415 [INFO] IPUIPlugin:80 - create IPUIPlugin
2024-10-09 13:49:29,415 [INFO] IPUIPlugin:80 - create IPUIPlugin
2024-10-09 13:49:29,416 [INFO] IPUIPlugin:80 - create IPUIPlugin
2024-10-09 13:49:29,416 [INFO] IPUIPlugin:80 - create IPUIPlugin
2024-10-09 13:49:29,417 [INFO] IPUIPlugin:80 - create IPUIPlugin
2024-10-09 13:49:29,417 [INFO] IPUIPlugin:80 - create IPUIPlugin
2024-10-09 13:49:29,417 [INFO] IPUIPlugin:80 - create IPUIPlugin
2024-10-09 13:49:29,418 [INFO] IPUIPlugin:80 - create IPUIPlugin
2024-10-09 13:49:29,418 [INFO] IPUIPlugin:80 - create IPUIPlugin
2024-10-09 13:49:29,420 [INFO] IPUIPlugin:80 - create IPUIPlugin
2024-10-09 13:49:29,420 [INFO] IPUIPlugin:80 - create IPUIPlugin
2024-10-09 13:49:29,421 [INFO] IPUIPlugin:80 - create IPUIPlugin
2024-10-09 13:49:29,421 [INFO] IPUIPlugin:80 - create IPUIPlugin
2024-10-09 13:49:29,421 [INFO] IPUIPlugin:80 - create IPUIPlugin
2024-10-09 13:49:29,421 [INFO] IPUIPlugin:80 - create IPUIPlugin
2024-10-09 13:49:29,421 [INFO] IPUIPlugin:80 - create IPUIPlugin
2024-10-09 13:49:29,421 [INFO] IPUIPlugin:80 - create IPUIPlugin
2024-10-09 13:49:29,422 [INFO] IPUIPlugin:80 - create IPUIPlugin
2024-10-09 13:49:29,423 [INFO] IPUIPlugin:80 - create IPUIPlugin
2024-10-09 13:49:29,423 [INFO] IPUIPlugin:80 - create IPUIPlugin
2024-10-09 13:49:29,424 [INFO] IPUIPlugin:80 - create IPUIPlugin
2024-10-09 13:49:29,425 [INFO] IPUIPlugin:80 - create IPUIPlugin
2024-10-09 13:49:29,425 [INFO] IPUIPlugin:80 - create IPUIPlugin
2024-10-09 13:49:29,426 [INFO] IPUIPlugin:80 - create IPUIPlugin
2024-10-09 13:49:29,514 [INFO] ApiDbMcu:508 - Load IP Config File for PDM2PCM
2024-10-09 13:49:30,252 [INFO] CADModel:165 - CPN selected for project levelSTM32F401RET6
2024-10-09 13:49:30,256 [INFO] CADModel:114 - Register for checkConnection events
2024-10-09 13:49:30,322 [INFO] OpenFileManager:343 - Restore cursor
2024-10-09 13:49:32,003 [INFO] UtilMem:75 - End SaveConfig() Used Memory: 602890448 Bytes (1073741824)
2024-10-09 13:49:32,500 [INFO] UtilMem:75 - End SaveConfig() Used Memory: 618568904 Bytes (1073741824)
2024-10-09 13:49:35,403 [INFO] BlockDiagram:2759 - set Specific Code input for plugin: NVIC
2024-10-09 13:49:35,405 [INFO] BlockDiagram:2759 - set Specific Code input for plugin: RCC
2024-10-09 13:49:35,411 [INFO] CodeGenerator:807 - code generatio: config db path: /Applications/STM32CubeIDE.app/Contents/Eclipse/plugins/com.st.stm32cube.common.mx_6.11.1.202404110753//db/
2024-10-09 13:49:37,567 [INFO] CodeEngine:255 - oldGeneratedFile, /Users/alexbendezu/Documents/Smart Watch/STM32/PulseWatch/MXTmpFiles/license.tmp_save
2024-10-09 13:49:39,938 [INFO] CodeEngine:279 - Generated code: /Users/alexbendezu/Documents/Smart Watch/STM32/PulseWatch/MXTmpFiles/license.tmp
2024-10-09 13:49:40,033 [INFO] CodeEngine:255 - oldGeneratedFile, /Users/alexbendezu/Documents/Smart Watch/STM32/PulseWatch/Core/Src/stm32f4xx_it.c_save
2024-10-09 13:49:40,717 [INFO] CodeEngine:279 - Generated code: /Users/alexbendezu/Documents/Smart Watch/STM32/PulseWatch/Core/Src/stm32f4xx_it.c
2024-10-09 13:49:40,721 [INFO] CodeEngine:255 - oldGeneratedFile, /Users/alexbendezu/Documents/Smart Watch/STM32/PulseWatch/Core/Inc/stm32f4xx_it.h_save
2024-10-09 13:49:41,000 [INFO] CodeEngine:279 - Generated code: /Users/alexbendezu/Documents/Smart Watch/STM32/PulseWatch/Core/Inc/stm32f4xx_it.h
2024-10-09 13:49:41,286 [INFO] CodeEngine:255 - oldGeneratedFile, /Users/alexbendezu/Documents/Smart Watch/STM32/PulseWatch/Core/Src/stm32f4xx_hal_msp.c_save
2024-10-09 13:49:41,596 [INFO] CodeEngine:279 - Generated code: /Users/alexbendezu/Documents/Smart Watch/STM32/PulseWatch/Core/Src/stm32f4xx_hal_msp.c
2024-10-09 13:49:41,603 [INFO] CodeEngine:255 - oldGeneratedFile, /Users/alexbendezu/Documents/Smart Watch/STM32/PulseWatch/MXTmpFiles/system.tmp_save
2024-10-09 13:49:41,718 [INFO] CodeEngine:279 - Generated code: /Users/alexbendezu/Documents/Smart Watch/STM32/PulseWatch/MXTmpFiles/system.tmp
2024-10-09 13:49:41,729 [INFO] CodeEngine:311 - oldGeneratedFile, /Users/alexbendezu/Documents/Smart Watch/STM32/PulseWatch/Core/Inc/stm32f4xx_hal_conf.h_save
2024-10-09 13:49:41,997 [INFO] CodeEngine:335 - Generated code: /Users/alexbendezu/Documents/Smart Watch/STM32/PulseWatch/Core/Inc/stm32f4xx_hal_conf.h
2024-10-09 13:49:42,452 [INFO] CodeEngine:255 - oldGeneratedFile, /Users/alexbendezu/Documents/Smart Watch/STM32/PulseWatch/Core/Inc/main.h_save
2024-10-09 13:49:42,969 [INFO] CodeEngine:279 - Generated code: /Users/alexbendezu/Documents/Smart Watch/STM32/PulseWatch/Core/Inc/main.h
2024-10-09 13:49:42,997 [INFO] CodeEngine:255 - oldGeneratedFile, /Users/alexbendezu/Documents/Smart Watch/STM32/PulseWatch/Core/Src/main.c_save
2024-10-09 13:49:43,540 [INFO] CodeEngine:279 - Generated code: /Users/alexbendezu/Documents/Smart Watch/STM32/PulseWatch/Core/Src/main.c
2024-10-09 13:49:44,100 [INFO] ProjectBuilder:3163 - Time for Copy HAL[1] : 100mS.
2024-10-09 13:49:44,110 [INFO] ProjectBuilder:4736 - Project Generator version: 4.3.0-B58
2024-10-09 13:49:44,306 [INFO] ConfigFileManager:1503 - The Die is : DIE433
2024-10-09 13:49:44,373 [INFO] ApiDbMcu:508 - Load IP Config File for FATFS
2024-10-09 13:49:44,526 [INFO] ApiDbMcu:508 - Load IP Config File for FREERTOS
2024-10-09 13:49:44,553 [INFO] ApiDbMcu:508 - Load IP Config File for LIBJPEG
2024-10-09 13:49:44,754 [INFO] ApiDbMcu:508 - Load IP Config File for MBEDTLS
2024-10-09 13:49:44,939 [INFO] ApiDbMcu:508 - Load IP Config File for USB_DEVICE
2024-10-09 13:49:44,983 [INFO] ApiDbMcu:508 - Load IP Config File for USB_HOST
2024-10-09 13:49:46,078 [INFO] LogOutputStream:77 - [STDOUT_REDIRECT] 
2024-10-09 13:49:53,462 [INFO] ProjectBuilder:5002 - Time for Generating toolchain IDE Files: 9343mS.
2024-10-09 13:49:53,468 [INFO] ProjectBuilder:3034 - Time for Copy CMSIS : 3mS.
2024-10-09 13:49:53,470 [INFO] ProjectBuilder:3034 - Time for Copy CMSIS : 0mS.
2024-10-09 13:49:55,803 [INFO] McuFinderGlobals:76 - Set McuFinderConnectedMode to true
2024-10-09 13:49:55,836 [INFO] ApiDb:448 - Save user favorites file /Users/alexbendezu/.stm32cubeide/favorites.mcus.txt: 0 item(s)
2024-10-09 13:49:55,837 [INFO] ApiDb:452 - User favorites MCUs=[]
2024-10-09 18:00:16,435 [ERROR] LogOutputStream:75 - [STDERR_REDIRECT] 
