2024-10-21 11:02:14,915 [INFO] Activator:176 - 


2024-10-21 11:02:14,921 [INFO] Activator:177 - !SESSION log4j initialized
2024-10-21 11:02:20,833 [INFO] LogOutputStream:77 - [STDOUT_REDIRECT] 
2024-10-21 11:02:22,090 [ERROR] LogOutputStream:75 - [STDERR_REDIRECT] 
2024-10-21 11:02:25,412 [INFO] LogOutputStream:77 - [STDOUT_REDIRECT] 
2024-10-21 11:02:26,976 [ERROR] LogOutputStream:75 - [STDERR_REDIRECT] java.net.URISyntaxException: Illegal character in path at index 39: file:/Users/alexbendezu/Documents/Smart Watch/STM32/.metadata/.log4j2.xml
2024-10-21 11:02:26,977 [ERROR] LogOutputStream:75 - [STDERR_REDIRECT] 	at java.base/java.net.URI$Parser.fail(URI.java:2976)
2024-10-21 11:02:26,978 [ERROR] LogOutputStream:75 - [STDERR_REDIRECT] 	at java.base/java.net.URI$Parser.checkChars(URI.java:3147)
2024-10-21 11:02:26,979 [ERROR] LogOutputStream:75 - [STDERR_REDIRECT] 	at java.base/java.net.URI$Parser.parseHierarchical(URI.java:3229)
2024-10-21 11:02:26,979 [ERROR] LogOutputStream:75 - [STDERR_REDIRECT] 	at java.base/java.net.URI$Parser.parse(URI.java:3177)
2024-10-21 11:02:26,981 [ERROR] LogOutputStream:75 - [STDERR_REDIRECT] 	at java.base/java.net.URI.<init>(URI.java:623)
2024-10-21 11:02:26,984 [ERROR] LogOutputStream:75 - [STDERR_REDIRECT] 	at java.base/java.net.URL.toURI(URL.java:1056)
2024-10-21 11:02:26,985 [ERROR] LogOutputStream:75 - [STDERR_REDIRECT] 	at com.st.stm32cube.common.mx.core.CubeMxInstance.getInstance(CubeMxInstance.java:81)
2024-10-21 11:02:26,985 [ERROR] LogOutputStream:75 - [STDERR_REDIRECT] 	at com.st.stm32cube.common.mx.userauth.UserAuthAdapter.<init>(UserAuthAdapter.java:25)
2024-10-21 11:02:26,985 [ERROR] LogOutputStream:75 - [STDERR_REDIRECT] 	at com.st.stm32cube.common.mx.userauth.UserAuthProvider.getUserAuthAdapter(UserAuthProvider.java:16)
2024-10-21 11:02:26,985 [ERROR] LogOutputStream:75 - [STDERR_REDIRECT] 	at com.st.stm32cube.common.ecosystemintegration.ui.core.MCUEcoSystemIntegrationUiHelper.getUserAuth(MCUEcoSystemIntegrationUiHelper.java:100)
2024-10-21 11:02:26,986 [ERROR] LogOutputStream:75 - [STDERR_REDIRECT] 	at com.st.stm32cube.ide.mcu.userauth.UserAuthStartup.earlyStartup(UserAuthStartup.java:41)
2024-10-21 11:02:26,986 [ERROR] LogOutputStream:75 - [STDERR_REDIRECT] 	at org.eclipse.ui.internal.EarlyStartupRunnable.runEarlyStartup(EarlyStartupRunnable.java:79)
2024-10-21 11:02:26,986 [ERROR] LogOutputStream:75 - [STDERR_REDIRECT] 	at org.eclipse.ui.internal.EarlyStartupRunnable.run(EarlyStartupRunnable.java:55)
2024-10-21 11:02:26,986 [ERROR] LogOutputStream:75 - [STDERR_REDIRECT] 	at org.eclipse.core.runtime.SafeRunner.run(SafeRunner.java:47)
2024-10-21 11:02:26,986 [ERROR] LogOutputStream:75 - [STDERR_REDIRECT] 	at org.eclipse.ui.internal.Workbench$39.run(Workbench.java:2762)
2024-10-21 11:02:26,986 [ERROR] LogOutputStream:75 - [STDERR_REDIRECT] 	at org.eclipse.core.internal.jobs.Worker.run(Worker.java:63)
2024-10-21 11:02:27,435 [INFO] ApplicationProperties:184 - Using Application install path: /Applications/STM32CubeIDE.app/Contents/Eclipse/plugins/com.st.stm32cube.common.mx_6.11.1.202404110753
2024-10-21 11:02:27,491 [INFO] DbMcusXml:78 - Set database path to: /Applications/STM32CubeIDE.app/Contents/Eclipse/plugins/com.st.stm32cube.common.mx_6.11.1.202404110753//db//mcu/
2024-10-21 11:02:27,493 [INFO] ApiDb:274 - Set plugin database path to: /Applications/STM32CubeIDE.app/Contents/Eclipse/plugins/com.st.stm32cube.common.mx_6.11.1.202404110753//db//plugins/boardmanager/
2024-10-21 11:02:27,497 [WARN] ApiDb:259 - Overriding images path with different value:  => /Applications/STM32CubeIDE.app/Contents/Eclipse/plugins/com.st.stm32cube.common.mx_6.11.1.202404110753//db//plugins/mcufinder/images/
2024-10-21 11:02:27,517 [INFO] ApiDb:250 - Set database path to: /Users/alexbendezu/.stmcufinder/plugins/mcufinder//mcu/
2024-10-21 11:02:27,519 [INFO] DbMcusAds:125 - Set database path to: /Users/alexbendezu/.stmcufinder/plugins/mcufinder//mcu/
2024-10-21 11:02:27,521 [INFO] CrossReferenceDbSqlite:203 - Set database path to: /Users/alexbendezu/.stmcufinder/plugins/mcufinder//mcu/cs/
2024-10-21 11:02:27,688 [INFO] RulesReader:64 - Compatibility file has been processed (297 Rules)
2024-10-21 11:02:27,785 [INFO] DbMcusXml:78 - Set database path to: /Applications/STM32CubeIDE.app/Contents/Eclipse/plugins/com.st.stm32cube.common.mx_6.11.1.202404110753//db//mcu/
2024-10-21 11:02:27,785 [INFO] ApiDb:274 - Set plugin database path to: /Applications/STM32CubeIDE.app/Contents/Eclipse/plugins/com.st.stm32cube.common.mx_6.11.1.202404110753//db//plugins/boardmanager/
2024-10-21 11:02:27,786 [INFO] ApiDb:261 - Set plugin images path to: /Applications/STM32CubeIDE.app/Contents/Eclipse/plugins/com.st.stm32cube.common.mx_6.11.1.202404110753//db//plugins/mcufinder/images/
2024-10-21 11:02:27,786 [WARN] DbFile:41 - Overriding database path with different value: /Users/alexbendezu/.stmcufinder/plugins/mcufinder/ => /Users/alexbendezu/.stmcufinder/plugins/mcufinder
2024-10-21 11:02:27,786 [INFO] ApiDb:250 - Set database path to: /Users/alexbendezu/.stmcufinder/plugins/mcufinder//mcu/
2024-10-21 11:02:27,786 [WARN] DbFile:41 - Overriding database path with different value: /Users/alexbendezu/.stmcufinder/plugins/mcufinder/ => /Users/alexbendezu/.stmcufinder/plugins/mcufinder
2024-10-21 11:02:27,786 [INFO] DbMcusAds:125 - Set database path to: /Users/alexbendezu/.stmcufinder/plugins/mcufinder//mcu/
2024-10-21 11:02:27,787 [WARN] DbFile:41 - Overriding database path with different value: /Users/alexbendezu/.stmcufinder/plugins/mcufinder/ => /Users/alexbendezu/.stmcufinder/plugins/mcufinder
2024-10-21 11:02:27,787 [WARN] DbFile:41 - Overriding database path with different value: /Users/alexbendezu/.stmcufinder/plugins/mcufinder/ => /Users/alexbendezu/.stmcufinder/plugins/mcufinder
2024-10-21 11:02:27,787 [INFO] CrossReferenceDbSqlite:203 - Set database path to: /Users/alexbendezu/.stmcufinder/plugins/mcufinder//mcu/cs/
2024-10-21 11:02:27,915 [INFO] MainPanel:264 - HeapMemory: 268435456
2024-10-21 11:02:28,023 [INFO] DbMcusXml:78 - Set database path to: /Applications/STM32CubeIDE.app/Contents/Eclipse/plugins/com.st.stm32cube.common.mx_6.11.1.202404110753//db//mcu/
2024-10-21 11:02:28,023 [INFO] ApiDb:274 - Set plugin database path to: /Applications/STM32CubeIDE.app/Contents/Eclipse/plugins/com.st.stm32cube.common.mx_6.11.1.202404110753//db//plugins/boardmanager/
2024-10-21 11:02:28,023 [INFO] ApiDb:261 - Set plugin images path to: /Applications/STM32CubeIDE.app/Contents/Eclipse/plugins/com.st.stm32cube.common.mx_6.11.1.202404110753//db//plugins/mcufinder/images/
2024-10-21 11:02:28,024 [WARN] DbFile:41 - Overriding database path with different value: /Users/alexbendezu/.stmcufinder/plugins/mcufinder/ => /Users/alexbendezu/.stmcufinder/plugins/mcufinder
2024-10-21 11:02:28,024 [INFO] ApiDb:250 - Set database path to: /Users/alexbendezu/.stmcufinder/plugins/mcufinder//mcu/
2024-10-21 11:02:28,024 [WARN] DbFile:41 - Overriding database path with different value: /Users/alexbendezu/.stmcufinder/plugins/mcufinder/ => /Users/alexbendezu/.stmcufinder/plugins/mcufinder
2024-10-21 11:02:28,024 [INFO] DbMcusAds:125 - Set database path to: /Users/alexbendezu/.stmcufinder/plugins/mcufinder//mcu/
2024-10-21 11:02:28,024 [WARN] DbFile:41 - Overriding database path with different value: /Users/alexbendezu/.stmcufinder/plugins/mcufinder/ => /Users/alexbendezu/.stmcufinder/plugins/mcufinder
2024-10-21 11:02:28,024 [WARN] DbFile:41 - Overriding database path with different value: /Users/alexbendezu/.stmcufinder/plugins/mcufinder/ => /Users/alexbendezu/.stmcufinder/plugins/mcufinder
2024-10-21 11:02:28,025 [INFO] CrossReferenceDbSqlite:203 - Set database path to: /Users/alexbendezu/.stmcufinder/plugins/mcufinder//mcu/cs/
2024-10-21 11:02:28,052 [INFO] ApplicationProperties:184 - Using Application install path: /Applications/STM32CubeIDE.app/Contents/Eclipse/plugins/com.st.stm32cube.common.mx_6.11.1.202404110753
2024-10-21 11:02:28,053 [INFO] PluginManage:196 - Search for loadable plugins [exclusion list=, ]
2024-10-21 11:02:28,055 [INFO] PluginManage:310 - Check plugin analytics
2024-10-21 11:02:28,350 [INFO] AnalyticsPlugin:253 - Accepted Software Licenses: 
2024-10-21 11:02:28,351 [INFO] AnalyticsPlugin:255 - Accepted CMSIS Pack Licenses: 
2024-10-21 11:02:28,351 [INFO] AnalyticsPlugin:257 - Accepted Firmware Licenses: FW.F4.1.28.0
2024-10-21 11:02:28,369 [INFO] PluginManage:359 - Loaded plugin analytics (category:tool,tabindex:-1)
2024-10-21 11:02:28,372 [INFO] PluginManage:310 - Check plugin cadmodel
2024-10-21 11:02:29,102 [INFO] CADModel:105 - Init CAD model plugin
2024-10-21 11:02:29,102 [INFO] PluginManage:359 - Loaded plugin cadmodel (category:power,tabindex:5)
2024-10-21 11:02:29,103 [INFO] PluginManage:310 - Check plugin clock
2024-10-21 11:02:29,117 [INFO] PluginManage:359 - Loaded plugin clock (category:base,tabindex:2)
2024-10-21 11:02:29,118 [INFO] PluginManage:310 - Check plugin ddr
2024-10-21 11:02:29,120 [INFO] PluginManage:359 - Loaded plugin ddr (category:tool,tabindex:6)
2024-10-21 11:02:29,120 [INFO] PluginManage:310 - Check plugin filemanager
2024-10-21 11:02:29,341 [INFO] PluginManage:359 - Loaded plugin filemanager (category:base,tabindex:10)
2024-10-21 11:02:29,342 [INFO] PluginManage:310 - Check plugin ipmanager
2024-10-21 11:02:29,353 [INFO] PluginManage:359 - Loaded plugin ipmanager (category:base,tabindex:5)
2024-10-21 11:02:29,353 [INFO] PluginManage:310 - Check plugin lpbam
2024-10-21 11:02:29,373 [INFO] PluginManage:359 - Loaded plugin lpbam (category:base,tabindex:0)
2024-10-21 11:02:29,373 [INFO] PluginManage:310 - Check plugin memorymap
2024-10-21 11:02:29,386 [INFO] PluginManage:359 - Loaded plugin memorymap (category:base,tabindex:4)
2024-10-21 11:02:29,386 [INFO] PluginManage:310 - Check plugin pinoutandconfiguration
2024-10-21 11:02:29,392 [INFO] PluginManage:359 - Loaded plugin pinoutandconfiguration (category:base,tabindex:1)
2024-10-21 11:02:29,392 [INFO] PluginManage:310 - Check plugin pinoutconfig
2024-10-21 11:02:29,785 [WARN] SupportedApi:132 - Cannot load RTOS API schema: s4s-elt-must-match.1: The content of 'definitions' must match (annotation?, (simpleType | complexType)?, (unique | key | keyref)*)). A problem was found starting at: attribute.
2024-10-21 11:02:30,318 [INFO] PluginManage:359 - Loaded plugin pinoutconfig (category:base,tabindex:0)
2024-10-21 11:02:30,320 [INFO] PluginManage:310 - Check plugin power
2024-10-21 11:02:30,358 [INFO] PluginManage:359 - Loaded plugin power (category:power,tabindex:4)
2024-10-21 11:02:30,359 [INFO] PluginManage:310 - Check plugin projectmanager
2024-10-21 11:02:30,423 [INFO] PluginManage:359 - Loaded plugin projectmanager (category:projectmanager,tabindex:3)
2024-10-21 11:02:30,423 [INFO] PluginManage:310 - Check plugin thirdparty
2024-10-21 11:02:30,624 [INFO] PluginManage:359 - Loaded plugin thirdparty (category:base,tabindex:-1)
2024-10-21 11:02:30,624 [INFO] PluginManage:310 - Check plugin tools
2024-10-21 11:02:30,623 [WARN] IntegrityCheckThread:84 - waiting for thirdparty lock release [integrity check]
2024-10-21 11:02:30,626 [INFO] IntegrityCheckThread:86 - entering critical section [integrity check]
2024-10-21 11:02:30,627 [INFO] ThirdPartyUpdaterWithRetryManager:70 - Updater plugin not ready yet. [1/15]
2024-10-21 11:02:30,629 [INFO] PluginManage:359 - Loaded plugin tools (category:base,tabindex:7)
2024-10-21 11:02:30,630 [INFO] PluginManage:310 - Check plugin tutovideos
2024-10-21 11:02:30,824 [INFO] PluginManage:359 - Loaded plugin tutovideos (category:base,tabindex:-1)
2024-10-21 11:02:30,825 [INFO] PluginManage:310 - Check plugin updater
2024-10-21 11:02:30,840 [INFO] PluginManage:359 - Loaded plugin updater (category:base,tabindex:12)
2024-10-21 11:02:30,841 [INFO] PluginManage:310 - Check plugin userauth
2024-10-21 11:02:30,847 [INFO] UserAuth:114 - Init User Auth plugin
2024-10-21 11:02:30,848 [INFO] PluginManage:359 - Loaded plugin userauth (category:base,tabindex:14)
2024-10-21 11:02:30,848 [INFO] PluginManage:283 - PluginManage : Loaded plugins [17]
2024-10-21 11:02:31,144 [INFO] PinOutPanel:1561 - setPackage(No Configuration,No Configuration)
2024-10-21 11:02:31,230 [INFO] CADModel:165 - CPN selected for project level
2024-10-21 11:02:31,230 [INFO] CADModel:114 - Register for checkConnection events
2024-10-21 11:02:31,243 [INFO] IPUIPlugin:80 - create IPUIPlugin
2024-10-21 11:02:31,243 [INFO] PluginManager:220 - loadIPPluginJar : add mdma
2024-10-21 11:02:31,250 [INFO] IPUIPlugin:80 - create IPUIPlugin
2024-10-21 11:02:31,250 [INFO] PluginManager:220 - loadIPPluginJar : add freertos
2024-10-21 11:02:31,253 [INFO] IPUIPlugin:80 - create IPUIPlugin
2024-10-21 11:02:31,254 [INFO] PluginManager:220 - loadIPPluginJar : add gic
2024-10-21 11:02:31,260 [INFO] IPUIPlugin:80 - create IPUIPlugin
2024-10-21 11:02:31,260 [INFO] PluginManager:220 - loadIPPluginJar : add adc
2024-10-21 11:02:31,262 [INFO] IPUIPlugin:80 - create IPUIPlugin
2024-10-21 11:02:31,262 [INFO] PluginManager:220 - loadIPPluginJar : add gtzc
2024-10-21 11:02:31,263 [INFO] IPUIPlugin:80 - create IPUIPlugin
2024-10-21 11:02:31,264 [INFO] PluginManager:220 - loadIPPluginJar : add quadspi
2024-10-21 11:02:31,266 [INFO] IPUIPlugin:80 - create IPUIPlugin
2024-10-21 11:02:31,267 [INFO] PluginManager:220 - loadIPPluginJar : add aes
2024-10-21 11:02:31,268 [INFO] IPUIPlugin:80 - create IPUIPlugin
2024-10-21 11:02:31,269 [INFO] PluginManager:220 - loadIPPluginJar : add pdm2pcm
2024-10-21 11:02:31,270 [INFO] IPUIPlugin:80 - create IPUIPlugin
2024-10-21 11:02:31,270 [INFO] PluginManager:220 - loadIPPluginJar : add hash
2024-10-21 11:02:31,271 [INFO] IPUIPlugin:80 - create IPUIPlugin
2024-10-21 11:02:31,271 [INFO] PluginManager:220 - loadIPPluginJar : add tim
2024-10-21 11:02:31,272 [INFO] IPUIPlugin:80 - create IPUIPlugin
2024-10-21 11:02:31,272 [INFO] PluginManager:220 - loadIPPluginJar : add tsc
2024-10-21 11:02:31,273 [INFO] IPUIPlugin:80 - create IPUIPlugin
2024-10-21 11:02:31,273 [INFO] PluginManager:220 - loadIPPluginJar : add extmemmanager
2024-10-21 11:02:31,274 [INFO] IPUIPlugin:80 - create IPUIPlugin
2024-10-21 11:02:31,274 [INFO] PluginManager:220 - loadIPPluginJar : add ts
2024-10-21 11:02:31,276 [INFO] IPUIPlugin:80 - create IPUIPlugin
2024-10-21 11:02:31,277 [INFO] PluginManager:220 - loadIPPluginJar : add can
2024-10-21 11:02:31,279 [INFO] IPUIPlugin:80 - create IPUIPlugin
2024-10-21 11:02:31,279 [INFO] PluginManager:220 - loadIPPluginJar : add dma3
2024-10-21 11:02:31,281 [INFO] IPUIPlugin:80 - create IPUIPlugin
2024-10-21 11:02:31,282 [INFO] PluginManager:220 - loadIPPluginJar : add dfsdm
2024-10-21 11:02:31,283 [INFO] IPUIPlugin:80 - create IPUIPlugin
2024-10-21 11:02:31,284 [INFO] PluginManager:220 - loadIPPluginJar : add spi
2024-10-21 11:02:31,285 [INFO] IPUIPlugin:80 - create IPUIPlugin
2024-10-21 11:02:31,285 [INFO] PluginManager:220 - loadIPPluginJar : add gfxmmu
2024-10-21 11:02:31,286 [INFO] IPUIPlugin:80 - create IPUIPlugin
2024-10-21 11:02:31,286 [INFO] PluginManager:220 - loadIPPluginJar : add genericplugin
2024-10-21 11:02:31,288 [INFO] IPUIPlugin:80 - create IPUIPlugin
2024-10-21 11:02:31,288 [INFO] PluginManager:220 - loadIPPluginJar : add cryp
2024-10-21 11:02:31,292 [INFO] IPUIPlugin:80 - create IPUIPlugin
2024-10-21 11:02:31,293 [INFO] PluginManager:220 - loadIPPluginJar : add gpio
2024-10-21 11:02:31,293 [INFO] IPUIPlugin:80 - create IPUIPlugin
2024-10-21 11:02:31,294 [INFO] PluginManager:220 - loadIPPluginJar : add comp
2024-10-21 11:02:31,295 [INFO] IPUIPlugin:80 - create IPUIPlugin
2024-10-21 11:02:31,295 [INFO] PluginManager:220 - loadIPPluginJar : add tracer_emb
2024-10-21 11:02:31,297 [INFO] IPUIPlugin:80 - create IPUIPlugin
2024-10-21 11:02:31,297 [INFO] PluginManager:220 - loadIPPluginJar : add openamp
2024-10-21 11:02:31,301 [INFO] IPUIPlugin:80 - create IPUIPlugin
2024-10-21 11:02:31,301 [INFO] PluginManager:220 - loadIPPluginJar : add stm32_wpan
2024-10-21 11:02:31,305 [INFO] IPUIPlugin:80 - create IPUIPlugin
2024-10-21 11:02:31,308 [INFO] PluginManager:220 - loadIPPluginJar : add plateformsettings
2024-10-21 11:02:31,310 [INFO] IPUIPlugin:80 - create IPUIPlugin
2024-10-21 11:02:31,310 [INFO] PluginManager:220 - loadIPPluginJar : add ipddr
2024-10-21 11:02:31,312 [INFO] IPUIPlugin:80 - create IPUIPlugin
2024-10-21 11:02:31,312 [INFO] PluginManager:220 - loadIPPluginJar : add usart
2024-10-21 11:02:31,313 [INFO] IPUIPlugin:80 - create IPUIPlugin
2024-10-21 11:02:31,313 [INFO] PluginManager:220 - loadIPPluginJar : add ltdc
2024-10-21 11:02:31,316 [INFO] IPUIPlugin:80 - create IPUIPlugin
2024-10-21 11:02:31,316 [INFO] PluginManager:220 - loadIPPluginJar : add nvic
2024-10-21 11:02:31,318 [INFO] IPUIPlugin:80 - create IPUIPlugin
2024-10-21 11:02:31,318 [INFO] PluginManager:220 - loadIPPluginJar : add fatfs
2024-10-21 11:02:31,322 [INFO] IPUIPlugin:80 - create IPUIPlugin
2024-10-21 11:02:31,323 [INFO] PluginManager:220 - loadIPPluginJar : add linkedlist
2024-10-21 11:02:31,326 [INFO] IPUIPlugin:80 - create IPUIPlugin
2024-10-21 11:02:31,327 [INFO] PluginManager:220 - loadIPPluginJar : add dma
2024-10-21 11:02:31,329 [INFO] IPUIPlugin:80 - create IPUIPlugin
2024-10-21 11:02:31,330 [INFO] PluginManager:220 - loadIPPluginJar : add fmc
2024-10-21 11:02:31,331 [INFO] IPUIPlugin:80 - create IPUIPlugin
2024-10-21 11:02:31,331 [INFO] PluginManager:220 - loadIPPluginJar : add i2s
2024-10-21 11:02:31,332 [INFO] IPUIPlugin:80 - create IPUIPlugin
2024-10-21 11:02:31,332 [INFO] PluginManager:220 - loadIPPluginJar : add ucpd
2024-10-21 11:02:31,334 [INFO] IPUIPlugin:80 - create IPUIPlugin
2024-10-21 11:02:31,335 [INFO] PluginManager:220 - loadIPPluginJar : add lorawan
2024-10-21 11:02:31,337 [INFO] IPUIPlugin:80 - create IPUIPlugin
2024-10-21 11:02:31,337 [INFO] PluginManager:220 - loadIPPluginJar : add opamp
2024-10-21 11:02:31,340 [INFO] IPUIPlugin:80 - create IPUIPlugin
2024-10-21 11:02:31,341 [INFO] PluginManager:220 - loadIPPluginJar : add i3c
2024-10-21 11:02:31,342 [INFO] IPUIPlugin:80 - create IPUIPlugin
2024-10-21 11:02:31,345 [INFO] PluginManager:220 - loadIPPluginJar : add touchsensing
2024-10-21 11:02:31,347 [INFO] IPUIPlugin:80 - create IPUIPlugin
2024-10-21 11:02:31,347 [INFO] PluginManager:220 - loadIPPluginJar : add i2c
2024-10-21 11:02:31,349 [INFO] IPUIPlugin:80 - create IPUIPlugin
2024-10-21 11:02:31,349 [INFO] PluginManager:220 - loadIPPluginJar : add resmgrutility
2024-10-21 11:02:31,351 [INFO] IPUIPlugin:80 - create IPUIPlugin
2024-10-21 11:02:31,351 [INFO] PluginManager:220 - loadIPPluginJar : add sai
2024-10-21 11:02:31,352 [INFO] IPUIPlugin:80 - create IPUIPlugin
2024-10-21 11:02:31,352 [INFO] PluginManager:220 - loadIPPluginJar : add usbx
2024-10-21 11:02:31,495 [INFO] CADModel:165 - CPN selected for project level
2024-10-21 11:02:31,495 [INFO] CADModel:114 - Register for checkConnection events
2024-10-21 11:02:31,497 [FATAL] Updater:308 - Updater called before beeing initialized
2024-10-21 11:02:31,497 [ERROR] CADModel:125 - Updater not yet initialized, retry later 
2024-10-21 11:02:31,858 [INFO] CADModel:165 - CPN selected for project level
2024-10-21 11:02:31,859 [INFO] CADModel:114 - Register for checkConnection events
2024-10-21 11:02:31,859 [FATAL] Updater:308 - Updater called before beeing initialized
2024-10-21 11:02:31,860 [ERROR] CADModel:125 - Updater not yet initialized, retry later 
2024-10-21 11:02:31,862 [FATAL] Updater:308 - Updater called before beeing initialized
2024-10-21 11:02:32,070 [FATAL] Updater:308 - Updater called before beeing initialized
2024-10-21 11:02:32,077 [INFO] DbMcusAds:53 - JSON generation date=Fri Sep 20 09:04:23 EDT 2024 (1726837463113)
2024-10-21 11:02:32,077 [FATAL] Updater:308 - Updater called before beeing initialized
2024-10-21 11:02:32,459 [WARN] DetailPanel:346 - Failed to get advertising image, set to default
2024-10-21 11:02:32,641 [FATAL] Updater:308 - Updater called before beeing initialized
2024-10-21 11:02:32,654 [FATAL] Updater:308 - Updater called before beeing initialized
2024-10-21 11:02:32,654 [FATAL] Updater:308 - Updater called before beeing initialized
2024-10-21 11:02:32,655 [WARN] DetailPanel:346 - Failed to get advertising image, set to default
2024-10-21 11:02:32,666 [FATAL] Updater:308 - Updater called before beeing initialized
2024-10-21 11:02:32,813 [ERROR] Updater:1120 - MainUpdater not yet initialized. External WinMGr cannot be set.
2024-10-21 11:02:32,822 [INFO] Updater:1056 - Updater Version found : 6.11.1
2024-10-21 11:02:32,839 [INFO] ApplicationProperties:184 - Using Application install path: /Applications/STM32CubeIDE.app/Contents/Eclipse/plugins/com.st.stm32cube.common.mx_6.11.1.202404110753
2024-10-21 11:02:33,496 [INFO] MainUpdater:2873 - connection check result : 10
2024-10-21 11:02:33,500 [INFO] MainUpdater:290 - Updater Check For Update Now.
2024-10-21 11:02:33,501 [INFO] MicroXplorer:498 - Change Database Version : DB.6.0.111
2024-10-21 11:02:33,514 [INFO] McuFinderGlobals:63 - Set McuFinder mode to 2 (CubeIDE integrated)
2024-10-21 11:02:33,570 [INFO] UserAuth:415 - Internet connection configuration mode: 1
2024-10-21 11:02:33,592 [INFO] JxBrowserEngine:152 - Initiate JxBrowser Engine with user profile folder
2024-10-21 11:02:33,632 [WARN] MainUpdater:1194 - Updater busy. Cannot search thirdparties
2024-10-21 11:02:33,633 [INFO] ThirdPartyUpdaterWithRetryManager:96 - Updater plugin is busy. [1/15]
2024-10-21 11:02:33,873 [INFO] CheckServerUpdateThread:120 - End of CheckServer Thread
2024-10-21 11:02:36,860 [WARN] PackLoader:240 - Cannot read IP mode file for STMicroelectronics.FP-SNS-MOTENVWB1.1.4.0
2024-10-21 11:02:36,890 [WARN] PackLoader:240 - Cannot read IP mode file for STMicroelectronics.X-CUBE-SMBUS.2.1.0
2024-10-21 11:02:36,915 [WARN] PackLoader:240 - Cannot read IP mode file for STMicroelectronics.X-CUBE-WB05N.1.1.0
2024-10-21 11:02:36,927 [WARN] PackLoader:240 - Cannot read IP mode file for STMicroelectronics.X-CUBE-TOUCHGFX.4.23.2
2024-10-21 11:02:37,015 [WARN] PackLoader:240 - Cannot read IP mode file for STMicroelectronics.X-CUBE-AZRTOS-F7.1.1.0
2024-10-21 11:02:37,246 [WARN] PackLoader:240 - Cannot read IP mode file for STMicroelectronics.X-CUBE-MEMS1.11.0.0
2024-10-21 11:02:37,580 [WARN] PackLoader:240 - Cannot read IP mode file for STMicroelectronics.FP-SNS-FLIGHT1.5.0.2
2024-10-21 11:02:37,608 [WARN] PackLoader:240 - Cannot read IP mode file for STMicroelectronics.X-CUBE-DISPLAY.3.0.0
2024-10-21 11:02:37,634 [WARN] PackLoader:240 - Cannot read IP mode file for STMicroelectronics.X-CUBE-BLE1.7.0.0
2024-10-21 11:02:37,675 [WARN] PackLoader:240 - Cannot read IP mode file for STMicroelectronics.X-CUBE-NFC10.1.0.0
2024-10-21 11:02:37,702 [WARN] PackLoader:240 - Cannot read IP mode file for emotas.I-CUBE-CANOPEN.1.3.0
2024-10-21 11:02:37,733 [WARN] PackLoader:240 - Cannot read IP mode file for STMicroelectronics.X-CUBE-BLEMGR.3.1.0
2024-10-21 11:02:37,756 [WARN] PackLoader:240 - Cannot read IP mode file for STMicroelectronics.FP-SNS-SMARTAG2.1.2.0
2024-10-21 11:02:37,779 [INFO] LogOutputStream:77 - [STDOUT_REDIRECT] 1 : Invalid condition id : UX_CORESTACK_Condition cause : null
2024-10-21 11:02:37,781 [INFO] LogOutputStream:77 - [STDOUT_REDIRECT] 1 : Invalid condition id : UX_CORESTACK_Condition cause : null
2024-10-21 11:02:37,781 [INFO] LogOutputStream:77 - [STDOUT_REDIRECT] 1 : Invalid condition id : UX_CORESTACK_Condition cause : null
2024-10-21 11:02:37,781 [INFO] LogOutputStream:77 - [STDOUT_REDIRECT] 1 : Invalid condition id : UX_CORESTACK_Condition cause : null
2024-10-21 11:02:37,781 [INFO] LogOutputStream:77 - [STDOUT_REDIRECT] 1 : Invalid condition id : UX_CORESTACK_Condition cause : null
2024-10-21 11:02:37,792 [WARN] PackLoader:240 - Cannot read IP mode file for STMicroelectronics.X-CUBE-AZRTOS-WL.2.0.0
2024-10-21 11:02:37,804 [WARN] PackLoader:240 - Cannot read IP mode file for STMicroelectronics.FP-SNS-MOTENV1.5.0.0
2024-10-21 11:02:37,809 [WARN] PackLoader:240 - Cannot read IP mode file for wolfSSL.I-CUBE-wolfMQTT.1.19.0
2024-10-21 11:02:37,823 [WARN] PackLoader:240 - Cannot read IP mode file for WES.I-CUBE-Cesium.1.3.0
2024-10-21 11:02:37,845 [WARN] PackLoader:240 - Cannot read IP mode file for STMicroelectronics.X-CUBE-BLE2.3.3.0
2024-10-21 11:02:37,877 [WARN] PackLoader:240 - Cannot read IP mode file for STMicroelectronics.X-CUBE-NFC9.1.0.0
2024-10-21 11:02:37,895 [WARN] PackLoader:240 - Cannot read IP mode file for STMicroelectronics.X-CUBE-TCPP.4.1.0
2024-10-21 11:02:37,928 [WARN] PackLoader:240 - Cannot read IP mode file for STMicroelectronics.X-CUBE-AZRTOS-G0.1.1.0
2024-10-21 11:02:37,943 [WARN] PackLoader:240 - Cannot read IP mode file for STMicroelectronics.X-CUBE-SAFEA1.1.2.2
2024-10-21 11:02:37,962 [WARN] PackLoader:240 - Cannot read IP mode file for STMicroelectronics.X-CUBE-NFC4.3.0.0
2024-10-21 11:02:37,999 [WARN] PackLoader:240 - Cannot read IP mode file for EmbeddedOffice.I-CUBE-FS-RTOS.1.0.1
2024-10-21 11:02:38,001 [ERROR] ConditionMgr:805 - Attr not supported : Dmpu
2024-10-21 11:02:38,003 [ERROR] ConditionMgr:805 - Attr not supported : Dmpu
2024-10-21 11:02:38,003 [ERROR] ConditionMgr:805 - Attr not supported : Dmpu
2024-10-21 11:02:38,003 [ERROR] ConditionMgr:805 - Attr not supported : Dmpu
2024-10-21 11:02:38,003 [ERROR] ConditionMgr:805 - Attr not supported : Dmpu
2024-10-21 11:02:38,003 [ERROR] ConditionMgr:805 - Attr not supported : Dmpu
2024-10-21 11:02:38,003 [ERROR] ConditionMgr:805 - Attr not supported : Dmpu
2024-10-21 11:02:38,004 [ERROR] ConditionMgr:805 - Attr not supported : Dmpu
2024-10-21 11:02:38,004 [ERROR] ConditionMgr:805 - Attr not supported : Dmpu
2024-10-21 11:02:38,004 [ERROR] ConditionMgr:805 - Attr not supported : Dmpu
2024-10-21 11:02:38,004 [ERROR] ConditionMgr:805 - Attr not supported : Dmpu
2024-10-21 11:02:38,004 [ERROR] ConditionMgr:805 - Attr not supported : Dmpu
2024-10-21 11:02:38,005 [ERROR] ConditionMgr:805 - Attr not supported : Dmpu
2024-10-21 11:02:38,005 [ERROR] ConditionMgr:805 - Attr not supported : Dmpu
2024-10-21 11:02:38,005 [ERROR] ConditionMgr:805 - Attr not supported : Dmpu
2024-10-21 11:02:38,005 [ERROR] ConditionMgr:805 - Attr not supported : Dmpu
2024-10-21 11:02:38,005 [ERROR] ConditionMgr:805 - Attr not supported : Dmpu
2024-10-21 11:02:38,005 [ERROR] ConditionMgr:805 - Attr not supported : Dmpu
2024-10-21 11:02:38,005 [ERROR] ConditionMgr:805 - Attr not supported : Dmpu
2024-10-21 11:02:38,005 [ERROR] ConditionMgr:805 - Attr not supported : Dmpu
2024-10-21 11:02:38,005 [ERROR] ConditionMgr:805 - Attr not supported : Dmpu
2024-10-21 11:02:38,005 [ERROR] ConditionMgr:805 - Attr not supported : Dmpu
2024-10-21 11:02:38,005 [ERROR] ConditionMgr:805 - Attr not supported : Dmpu
2024-10-21 11:02:38,005 [ERROR] ConditionMgr:805 - Attr not supported : Dmpu
2024-10-21 11:02:38,005 [ERROR] ConditionMgr:805 - Attr not supported : Dmpu
2024-10-21 11:02:38,005 [ERROR] ConditionMgr:805 - Attr not supported : Dmpu
2024-10-21 11:02:38,005 [ERROR] ConditionMgr:805 - Attr not supported : Dmpu
2024-10-21 11:02:38,005 [ERROR] ConditionMgr:805 - Attr not supported : Dmpu
2024-10-21 11:02:38,005 [ERROR] ConditionMgr:805 - Attr not supported : Dmpu
2024-10-21 11:02:38,005 [ERROR] ConditionMgr:805 - Attr not supported : Dmpu
2024-10-21 11:02:38,005 [ERROR] ConditionMgr:805 - Attr not supported : Dmpu
2024-10-21 11:02:38,005 [ERROR] ConditionMgr:805 - Attr not supported : Dmpu
2024-10-21 11:02:38,006 [ERROR] ConditionMgr:805 - Attr not supported : Dmpu
2024-10-21 11:02:38,006 [ERROR] ConditionMgr:805 - Attr not supported : Dmpu
2024-10-21 11:02:38,006 [ERROR] ConditionMgr:805 - Attr not supported : Dmpu
2024-10-21 11:02:38,006 [ERROR] ConditionMgr:805 - Attr not supported : Dmpu
2024-10-21 11:02:38,006 [ERROR] ConditionMgr:805 - Attr not supported : Dmpu
2024-10-21 11:02:38,007 [ERROR] ConditionMgr:805 - Attr not supported : Dmpu
2024-10-21 11:02:38,007 [ERROR] ConditionMgr:805 - Attr not supported : Dmpu
2024-10-21 11:02:38,007 [ERROR] ConditionMgr:805 - Attr not supported : Dmpu
2024-10-21 11:02:38,007 [ERROR] ConditionMgr:805 - Attr not supported : Dmpu
2024-10-21 11:02:38,007 [ERROR] ConditionMgr:805 - Attr not supported : Dmpu
2024-10-21 11:02:38,007 [ERROR] ConditionMgr:805 - Attr not supported : Dmpu
2024-10-21 11:02:38,007 [ERROR] ConditionMgr:805 - Attr not supported : Dmpu
2024-10-21 11:02:38,007 [ERROR] ConditionMgr:805 - Attr not supported : Dmpu
2024-10-21 11:02:38,007 [ERROR] ConditionMgr:805 - Attr not supported : Dmpu
2024-10-21 11:02:38,007 [ERROR] ConditionMgr:805 - Attr not supported : Dmpu
2024-10-21 11:02:38,007 [ERROR] ConditionMgr:805 - Attr not supported : Dmpu
2024-10-21 11:02:38,007 [ERROR] ConditionMgr:805 - Attr not supported : Dmpu
2024-10-21 11:02:38,007 [ERROR] ConditionMgr:805 - Attr not supported : Dmpu
2024-10-21 11:02:38,007 [ERROR] ConditionMgr:805 - Attr not supported : Dmpu
2024-10-21 11:02:38,007 [ERROR] ConditionMgr:805 - Attr not supported : Dmpu
2024-10-21 11:02:38,007 [ERROR] ConditionMgr:805 - Attr not supported : Dmpu
2024-10-21 11:02:38,007 [ERROR] ConditionMgr:805 - Attr not supported : Dmpu
2024-10-21 11:02:38,008 [ERROR] ConditionMgr:805 - Attr not supported : Dmpu
2024-10-21 11:02:38,008 [ERROR] ConditionMgr:805 - Attr not supported : Dmpu
2024-10-21 11:02:38,008 [ERROR] ConditionMgr:805 - Attr not supported : Dmpu
2024-10-21 11:02:38,008 [ERROR] ConditionMgr:805 - Attr not supported : Dmpu
2024-10-21 11:02:38,008 [ERROR] ConditionMgr:805 - Attr not supported : Dmpu
2024-10-21 11:02:38,008 [ERROR] ConditionMgr:805 - Attr not supported : Dmpu
2024-10-21 11:02:38,008 [ERROR] ConditionMgr:805 - Attr not supported : Dmpu
2024-10-21 11:02:38,008 [ERROR] ConditionMgr:805 - Attr not supported : Dmpu
2024-10-21 11:02:38,008 [ERROR] ConditionMgr:805 - Attr not supported : Dmpu
2024-10-21 11:02:38,008 [ERROR] ConditionMgr:805 - Attr not supported : Dmpu
2024-10-21 11:02:38,014 [WARN] PackLoader:240 - Cannot read IP mode file for RealThread.X-CUBE-RT-Thread_Nano.4.1.1
2024-10-21 11:02:38,027 [WARN] PackLoader:240 - Cannot read IP mode file for wolfSSL.I-CUBE-wolfSSL.5.7.0
2024-10-21 11:02:38,033 [WARN] PackLoader:240 - Cannot read IP mode file for STMicroelectronics.FP-ATR-SIGFOX1.3.2.0
2024-10-21 11:02:38,048 [WARN] PackLoader:240 - Cannot read IP mode file for STMicroelectronics.X-CUBE-EEPRMA1.5.1.0
2024-10-21 11:02:38,061 [WARN] PackLoader:240 - Cannot read IP mode file for ITTIA_DB.I-CUBE-ITTIADB.8.9.0
2024-10-21 11:02:38,149 [WARN] PackLoader:240 - Cannot read IP mode file for SEGGER.I-CUBE-embOS.1.3.1
2024-10-21 11:02:38,248 [WARN] PackLoader:240 - Cannot read IP mode file for STMicroelectronics.X-CUBE-ALGOBUILD.1.4.0
2024-10-21 11:02:38,256 [WARN] PackLoader:240 - Cannot read IP mode file for STMicroelectronics.X-CUBE-AI.9.1.0
2024-10-21 11:02:38,264 [WARN] PackLoader:240 - Cannot read IP mode file for STMicroelectronics.X-CUBE-GNSS1.6.0.0
2024-10-21 11:02:38,306 [WARN] PackLoader:240 - Cannot read IP mode file for STMicroelectronics.X-CUBE-AZRTOS-F4.1.1.0
2024-10-21 11:02:38,322 [WARN] PackLoader:240 - Cannot read IP mode file for STMicroelectronics.X-CUBE-ISPU.2.1.0
2024-10-21 11:02:38,338 [WARN] PackLoader:240 - Cannot read IP mode file for STMicroelectronics.X-CUBE-FREERTOS.1.2.0
2024-10-21 11:02:38,371 [WARN] PackLoader:240 - Cannot read IP mode file for STMicroelectronics.X-CUBE-AZRTOS-L5.2.0.0
2024-10-21 11:02:38,397 [WARN] PackLoader:240 - Cannot read IP mode file for STMicroelectronics.X-CUBE-NFC6.3.1.0
2024-10-21 11:02:38,409 [WARN] PackLoader:240 - Cannot read IP mode file for STMicroelectronics.X-CUBE-DPower.1.2.0
2024-10-21 11:02:38,415 [WARN] PackLoader:240 - Cannot read IP mode file for STMicroelectronics.X-CUBE-AI.9.0.0
2024-10-21 11:02:38,426 [WARN] PackLoader:240 - Cannot read IP mode file for STMicroelectronics.X-CUBE-NFC7.1.0.1
2024-10-21 11:02:38,459 [WARN] ConditionMgr:438 - getConditionDescription Invalid condition id : LAN8742 Phy interface Condition cause : null
2024-10-21 11:02:38,461 [WARN] PackLoader:240 - Cannot read IP mode file for STMicroelectronics.X-CUBE-AZRTOS-L4.2.0.0
2024-10-21 11:02:38,466 [WARN] ConditionMgr:1039 - genDependencies : Invalid condition id : LAN8742 Phy interface Condition cause : null
2024-10-21 11:02:38,467 [WARN] ConditionMgr:1039 - genDependencies : Invalid condition id : LAN8742 Phy interface Condition cause : null
2024-10-21 11:02:38,468 [WARN] ConditionMgr:1039 - genDependencies : Invalid condition id : LAN8742 Phy interface Condition cause : null
2024-10-21 11:02:38,489 [WARN] PackLoader:240 - Cannot read IP mode file for STMicroelectronics.X-CUBE-SFXS2LP1.4.0.0
2024-10-21 11:02:38,564 [WARN] PackLoader:240 - Cannot read IP mode file for STMicroelectronics.X-CUBE-AZRTOS-H7.3.3.0
2024-10-21 11:02:38,615 [WARN] PackLoader:240 - Cannot read IP mode file for STMicroelectronics.X-CUBE-IPS.3.0.0
2024-10-21 11:02:38,647 [WARN] ConditionMgr:438 - getConditionDescription Invalid condition id : UX DEVICE CLASS RTOS Condition cause : null
2024-10-21 11:02:38,648 [WARN] ConditionMgr:438 - getConditionDescription Invalid condition id : UX DEVICE CLASS RTOS Condition cause : null
2024-10-21 11:02:38,654 [WARN] PackLoader:240 - Cannot read IP mode file for STMicroelectronics.X-CUBE-AZRTOS-WB.2.0.0
2024-10-21 11:02:38,656 [WARN] ConditionMgr:1039 - genDependencies : Invalid condition id : UX DEVICE CLASS RTOS Condition cause : null
2024-10-21 11:02:38,656 [WARN] ConditionMgr:1039 - genDependencies : Invalid condition id : UX DEVICE CLASS RTOS Condition cause : null
2024-10-21 11:02:38,657 [WARN] ConditionMgr:1039 - genDependencies : Invalid condition id : UX DEVICE CLASS RTOS Condition cause : null
2024-10-21 11:02:38,658 [WARN] ConditionMgr:1039 - genDependencies : Invalid condition id : UX DEVICE CLASS RTOS Condition cause : null
2024-10-21 11:02:38,658 [WARN] ConditionMgr:1039 - genDependencies : Invalid condition id : UX DEVICE CLASS RTOS Condition cause : null
2024-10-21 11:02:38,667 [WARN] PackLoader:240 - Cannot read IP mode file for STMicroelectronics.X-CUBE-GNSS1.7.0.0
2024-10-21 11:02:38,681 [WARN] PackLoader:240 - Cannot read IP mode file for STMicroelectronics.FP-SNS-STBOX1.2.0.0
2024-10-21 11:02:38,706 [WARN] PackLoader:240 - Cannot read IP mode file for STMicroelectronics.X-CUBE-SUBG2.5.0.0
2024-10-21 11:02:38,721 [WARN] PackLoader:240 - Cannot read IP mode file for Cesanta.I-CUBE-Mongoose.7.13.0
2024-10-21 11:02:38,743 [WARN] PackLoader:240 - Cannot read IP mode file for STMicroelectronics.X-CUBE-AZRTOS-G4.2.0.0
2024-10-21 11:02:38,751 [WARN] PackLoader:240 - Cannot read IP mode file for STMicroelectronics.X-CUBE-ISPU.2.0.0
2024-10-21 11:02:38,755 [WARN] PackLoader:240 - Cannot read IP mode file for STMicroelectronics.X-CUBE-ALS.1.0.2
2024-10-21 11:02:38,844 [WARN] PackLoader:240 - Cannot read IP mode file for STMicroelectronics.X-CUBE-MEMS1.10.0.0
2024-10-21 11:02:38,996 [WARN] PackLoader:240 - Cannot read IP mode file for STMicroelectronics.X-CUBE-TOUCHGFX.4.24.0
2024-10-21 11:02:39,003 [WARN] PackLoader:240 - Cannot read IP mode file for STMicroelectronics.X-CUBE-TOUCHGFX.4.24.1
2024-10-21 11:02:39,014 [WARN] PackLoader:240 - Cannot read IP mode file for wolfSSL.I-CUBE-wolfTPM.3.4.0
2024-10-21 11:02:39,025 [WARN] PackLoader:240 - Cannot read IP mode file for portGmbH.I-Cube-SoM-uGOAL.1.1.0
2024-10-21 11:02:39,101 [WARN] PackLoader:240 - Cannot read IP mode file for STMicroelectronics.X-CUBE-AZRTOS-H7RS.1.0.0
2024-10-21 11:02:39,236 [WARN] PackLoader:240 - Cannot read IP mode file for STMicroelectronics.FP-ATR-ASTRA1.2.0.0
2024-10-21 11:02:39,275 [WARN] PackLoader:240 - Cannot read IP mode file for STMicroelectronics.X-CUBE-TOF1.3.4.2
2024-10-21 11:02:39,319 [WARN] PackLoader:240 - Cannot read IP mode file for STMicroelectronics.X-CUBE-TOF1.3.4.1
2024-10-21 11:02:39,387 [WARN] PackLoader:240 - Cannot read IP mode file for STMicroelectronics.X-CUBE-AZRTOS-H7.3.2.0
2024-10-21 11:02:39,429 [WARN] PackLoader:240 - Cannot read IP mode file for Infineon.AIROC-Wi-Fi-Bluetooth-STM32.1.6.0
2024-10-21 11:02:39,442 [WARN] PackLoader:240 - Cannot read IP mode file for wolfSSL.I-CUBE-wolfSSH.1.4.17
2024-10-21 11:02:39,452 [INFO] ThirdParty:978 - Integrity check success = true
2024-10-21 11:02:39,452 [INFO] IntegrityCheckThread:100 - exiting critical section [integrity check]
2024-10-21 11:02:39,452 [INFO] IntegrityCheckThread:103 - End integrity checks thread
2024-10-21 11:02:45,548 [INFO] WebApp:161 - Instantiating new browser for Auth
2024-10-21 11:02:47,801 [INFO] WebApp:779 - Register for checkConnection events
2024-10-21 11:02:47,806 [INFO] WebApp:414 - Apply proxy settings
2024-10-21 11:02:47,853 [INFO] WebApp:459 - Chromium authenticates against Manually configured proxy
2024-10-21 11:02:47,894 [INFO] WebApp:467 - Username used for proxy authentication: 
2024-10-21 11:02:48,312 [INFO] WebApp:192 - Starting web application
2024-10-21 11:02:48,313 [INFO] WebApp:544 - Web application path used /Applications/STM32CubeIDE.app/Contents/Eclipse/plugins/com.st.stm32cube.common.mx_6.11.1.202404110753/db/plugins/mcufinder/reactClient1/index.html
